<?xml version="1.0" encoding="UTF-8"?>
<coverage generated="1602600475037" clover="3.2.0">
  <project timestamp="1602600475038" name="All files">
    <metrics statements="296" coveredstatements="275" conditionals="70" coveredconditionals="65" methods="124" coveredmethods="105" elements="490" coveredelements="445" complexity="0" loc="296" ncloc="296" packages="7" files="20" classes="20">
      <package name="seuBarriga">
        <metrics statements="1" coveredstatements="1" conditionals="0" coveredconditionals="0" methods="0" coveredmethods="0"/>
        <file name="knexfile.js" path="/home/marcoavfcc/seuBarriga/knexfile.js">
          <metrics statements="1" coveredstatements="1" conditionals="0" coveredconditionals="0" methods="0" coveredmethods="0"/>
          <line num="1" count="7" type="stmt"/>
        </file>
      </package>
      <package name="seuBarriga.src">
        <metrics statements="15" coveredstatements="15" conditionals="4" coveredconditionals="4" methods="2" coveredmethods="2"/>
        <file name="app.js" path="/home/marcoavfcc/seuBarriga/src/app.js">
          <metrics statements="15" coveredstatements="15" conditionals="4" coveredconditionals="4" methods="2" coveredmethods="2"/>
          <line num="1" count="7" type="stmt"/>
          <line num="2" count="7" type="stmt"/>
          <line num="3" count="7" type="stmt"/>
          <line num="5" count="7" type="stmt"/>
          <line num="8" count="7" type="stmt"/>
          <line num="11" count="7" type="stmt"/>
          <line num="19" count="7" type="stmt"/>
          <line num="20" count="1" type="stmt"/>
          <line num="23" count="7" type="stmt"/>
          <line num="24" count="34" type="stmt"/>
          <line num="25" count="34" type="cond" truecount="2" falsecount="0"/>
          <line num="26" count="34" type="cond" truecount="2" falsecount="0"/>
          <line num="27" count="29" type="stmt"/>
          <line num="28" count="5" type="stmt"/>
          <line num="38" count="7" type="stmt"/>
        </file>
      </package>
      <package name="seuBarriga.src.config">
        <metrics statements="25" coveredstatements="23" conditionals="2" coveredconditionals="1" methods="7" coveredmethods="6"/>
        <file name="middlewares.js" path="/home/marcoavfcc/seuBarriga/src/config/middlewares.js">
          <metrics statements="3" coveredstatements="3" conditionals="0" coveredconditionals="0" methods="1" coveredmethods="1"/>
          <line num="1" count="7" type="stmt"/>
          <line num="4" count="7" type="stmt"/>
          <line num="5" count="7" type="stmt"/>
        </file>
        <file name="passport.js" path="/home/marcoavfcc/seuBarriga/src/config/passport.js">
          <metrics statements="13" coveredstatements="11" conditionals="2" coveredconditionals="1" methods="5" coveredmethods="4"/>
          <line num="1" count="7" type="stmt"/>
          <line num="2" count="7" type="stmt"/>
          <line num="4" count="7" type="stmt"/>
          <line num="6" count="7" type="stmt"/>
          <line num="8" count="7" type="stmt"/>
          <line num="9" count="7" type="stmt"/>
          <line num="14" count="7" type="stmt"/>
          <line num="15" count="72" type="stmt"/>
          <line num="17" count="72" type="cond" truecount="1" falsecount="1"/>
          <line num="18" count="0" type="stmt"/>
          <line num="19" count="0" type="stmt"/>
          <line num="22" count="7" type="stmt"/>
          <line num="24" count="7" type="stmt"/>
        </file>
        <file name="router.js" path="/home/marcoavfcc/seuBarriga/src/config/router.js">
          <metrics statements="9" coveredstatements="9" conditionals="0" coveredconditionals="0" methods="1" coveredmethods="1"/>
          <line num="1" count="7" type="stmt"/>
          <line num="4" count="7" type="stmt"/>
          <line num="5" count="7" type="stmt"/>
          <line num="6" count="7" type="stmt"/>
          <line num="8" count="7" type="stmt"/>
          <line num="9" count="7" type="stmt"/>
          <line num="10" count="7" type="stmt"/>
          <line num="11" count="7" type="stmt"/>
          <line num="13" count="7" type="stmt"/>
        </file>
      </package>
      <package name="seuBarriga.src.errors">
        <metrics statements="6" coveredstatements="6" conditionals="1" coveredconditionals="1" methods="2" coveredmethods="2"/>
        <file name="RecursoIndevidoError.js" path="/home/marcoavfcc/seuBarriga/src/errors/RecursoIndevidoError.js">
          <metrics statements="3" coveredstatements="3" conditionals="1" coveredconditionals="1" methods="1" coveredmethods="1"/>
          <line num="1" count="7" type="cond" truecount="1" falsecount="0"/>
          <line num="2" count="5" type="stmt"/>
          <line num="3" count="5" type="stmt"/>
        </file>
        <file name="validationError.js" path="/home/marcoavfcc/seuBarriga/src/errors/validationError.js">
          <metrics statements="3" coveredstatements="3" conditionals="0" coveredconditionals="0" methods="1" coveredmethods="1"/>
          <line num="1" count="7" type="stmt"/>
          <line num="2" count="29" type="stmt"/>
          <line num="3" count="29" type="stmt"/>
        </file>
      </package>
      <package name="seuBarriga.src.routes">
        <metrics statements="138" coveredstatements="120" conditionals="10" coveredconditionals="10" methods="74" coveredmethods="57"/>
        <file name="accounts.js" path="/home/marcoavfcc/seuBarriga/src/routes/accounts.js">
          <metrics statements="30" coveredstatements="27" conditionals="2" coveredconditionals="2" methods="19" coveredmethods="16"/>
          <line num="1" count="7" type="stmt"/>
          <line num="2" count="7" type="stmt"/>
          <line num="4" count="7" type="stmt"/>
          <line num="5" count="7" type="stmt"/>
          <line num="7" count="7" type="stmt"/>
          <line num="8" count="7" type="stmt"/>
          <line num="10" count="7" type="cond" truecount="2" falsecount="0"/>
          <line num="11" count="4" type="stmt"/>
          <line num="12" count="3" type="stmt"/>
          <line num="15" count="7" type="stmt"/>
          <line num="16" count="3" type="stmt"/>
          <line num="18" count="1" type="stmt"/>
          <line num="19" count="2" type="stmt"/>
          <line num="22" count="7" type="stmt"/>
          <line num="23" count="2" type="stmt"/>
          <line num="24" count="2" type="stmt"/>
          <line num="25" count="0" type="stmt"/>
          <line num="28" count="7" type="stmt"/>
          <line num="29" count="1" type="stmt"/>
          <line num="30" count="1" type="stmt"/>
          <line num="31" count="0" type="stmt"/>
          <line num="34" count="7" type="stmt"/>
          <line num="35" count="1" type="stmt"/>
          <line num="36" count="1" type="stmt"/>
          <line num="37" count="0" type="stmt"/>
          <line num="40" count="7" type="stmt"/>
          <line num="41" count="2" type="stmt"/>
          <line num="42" count="1" type="stmt"/>
          <line num="43" count="1" type="stmt"/>
          <line num="46" count="7" type="stmt"/>
        </file>
        <file name="auth.js" path="/home/marcoavfcc/seuBarriga/src/routes/auth.js">
          <metrics statements="22" coveredstatements="21" conditionals="4" coveredconditionals="4" methods="5" coveredmethods="5"/>
          <line num="1" count="7" type="stmt"/>
          <line num="2" count="7" type="stmt"/>
          <line num="3" count="7" type="stmt"/>
          <line num="4" count="7" type="stmt"/>
          <line num="6" count="7" type="stmt"/>
          <line num="8" count="7" type="stmt"/>
          <line num="9" count="7" type="stmt"/>
          <line num="12" count="7" type="stmt"/>
          <line num="13" count="3" type="stmt"/>
          <line num="15" count="3" type="cond" truecount="2" falsecount="0"/>
          <line num="16" count="2" type="cond" truecount="2" falsecount="0"/>
          <line num="17" count="1" type="stmt"/>
          <line num="22" count="1" type="stmt"/>
          <line num="23" count="1" type="stmt"/>
          <line num="24" count="1" type="stmt"/>
          <line num="25" count="2" type="stmt"/>
          <line num="28" count="7" type="stmt"/>
          <line num="29" count="1" type="stmt"/>
          <line num="30" count="1" type="stmt"/>
          <line num="31" count="1" type="stmt"/>
          <line num="33" count="0" type="stmt"/>
          <line num="37" count="7" type="stmt"/>
        </file>
        <file name="balance.js" path="/home/marcoavfcc/seuBarriga/src/routes/balance.js">
          <metrics statements="8" coveredstatements="5" conditionals="0" coveredconditionals="0" methods="4" coveredmethods="1"/>
          <line num="1" count="7" type="stmt"/>
          <line num="3" count="7" type="stmt"/>
          <line num="4" count="7" type="stmt"/>
          <line num="6" count="7" type="stmt"/>
          <line num="7" count="0" type="stmt"/>
          <line num="8" count="0" type="stmt"/>
          <line num="9" count="0" type="stmt"/>
          <line num="12" count="7" type="stmt"/>
        </file>
        <file name="transactions.js" path="/home/marcoavfcc/seuBarriga/src/routes/transactions.js">
          <metrics statements="30" coveredstatements="25" conditionals="2" coveredconditionals="2" methods="19" coveredmethods="14"/>
          <line num="1" count="7" type="stmt"/>
          <line num="2" count="7" type="stmt"/>
          <line num="4" count="7" type="stmt"/>
          <line num="5" count="7" type="stmt"/>
          <line num="8" count="7" type="stmt"/>
          <line num="9" count="4" type="stmt"/>
          <line num="11" count="4" type="cond" truecount="2" falsecount="0"/>
          <line num="12" count="1" type="stmt"/>
          <line num="13" count="1" type="stmt"/>
          <line num="16" count="7" type="stmt"/>
          <line num="17" count="1" type="stmt"/>
          <line num="18" count="1" type="stmt"/>
          <line num="19" count="0" type="stmt"/>
          <line num="22" count="7" type="stmt"/>
          <line num="23" count="16" type="stmt"/>
          <line num="24" count="10" type="stmt"/>
          <line num="25" count="0" type="stmt"/>
          <line num="28" count="7" type="stmt"/>
          <line num="29" count="1" type="stmt"/>
          <line num="30" count="1" type="stmt"/>
          <line num="31" count="0" type="stmt"/>
          <line num="34" count="7" type="stmt"/>
          <line num="35" count="1" type="stmt"/>
          <line num="36" count="1" type="stmt"/>
          <line num="37" count="0" type="stmt"/>
          <line num="40" count="7" type="stmt"/>
          <line num="41" count="1" type="stmt"/>
          <line num="42" count="1" type="stmt"/>
          <line num="43" count="0" type="stmt"/>
          <line num="46" count="7" type="stmt"/>
        </file>
        <file name="transfers.js" path="/home/marcoavfcc/seuBarriga/src/routes/transfers.js">
          <metrics statements="35" coveredstatements="30" conditionals="2" coveredconditionals="2" methods="22" coveredmethods="17"/>
          <line num="1" count="7" type="stmt"/>
          <line num="2" count="7" type="stmt"/>
          <line num="4" count="7" type="stmt"/>
          <line num="5" count="7" type="stmt"/>
          <line num="7" count="7" type="stmt"/>
          <line num="8" count="11" type="stmt"/>
          <line num="10" count="11" type="cond" truecount="2" falsecount="0"/>
          <line num="11" count="10" type="stmt"/>
          <line num="12" count="1" type="stmt"/>
          <line num="15" count="7" type="stmt"/>
          <line num="16" count="18" type="stmt"/>
          <line num="17" count="4" type="stmt"/>
          <line num="18" count="14" type="stmt"/>
          <line num="21" count="7" type="stmt"/>
          <line num="22" count="1" type="stmt"/>
          <line num="23" count="1" type="stmt"/>
          <line num="24" count="0" type="stmt"/>
          <line num="27" count="7" type="stmt"/>
          <line num="28" count="3" type="stmt"/>
          <line num="29" count="3" type="stmt"/>
          <line num="30" count="3" type="stmt"/>
          <line num="31" count="0" type="stmt"/>
          <line num="34" count="7" type="stmt"/>
          <line num="35" count="1" type="stmt"/>
          <line num="36" count="1" type="stmt"/>
          <line num="37" count="0" type="stmt"/>
          <line num="40" count="7" type="stmt"/>
          <line num="41" count="1" type="stmt"/>
          <line num="42" count="1" type="stmt"/>
          <line num="43" count="0" type="stmt"/>
          <line num="46" count="7" type="stmt"/>
          <line num="47" count="1" type="stmt"/>
          <line num="48" count="1" type="stmt"/>
          <line num="49" count="0" type="stmt"/>
          <line num="52" count="7" type="stmt"/>
        </file>
        <file name="users.js" path="/home/marcoavfcc/seuBarriga/src/routes/users.js">
          <metrics statements="13" coveredstatements="12" conditionals="0" coveredconditionals="0" methods="5" coveredmethods="4"/>
          <line num="1" count="7" type="stmt"/>
          <line num="3" count="7" type="stmt"/>
          <line num="4" count="7" type="stmt"/>
          <line num="6" count="7" type="stmt"/>
          <line num="7" count="1" type="stmt"/>
          <line num="8" count="1" type="stmt"/>
          <line num="9" count="0" type="stmt"/>
          <line num="12" count="7" type="stmt"/>
          <line num="13" count="6" type="stmt"/>
          <line num="14" count="6" type="stmt"/>
          <line num="15" count="2" type="stmt"/>
          <line num="17" count="4" type="stmt"/>
          <line num="22" count="7" type="stmt"/>
        </file>
      </package>
      <package name="seuBarriga.src.seeds">
        <metrics statements="15" coveredstatements="15" conditionals="0" coveredconditionals="0" methods="12" coveredmethods="12"/>
        <file name="01_transfer.js" path="/home/marcoavfcc/seuBarriga/src/seeds/01_transfer.js">
          <metrics statements="9" coveredstatements="9" conditionals="0" coveredconditionals="0" methods="8" coveredmethods="8"/>
          <line num="1" count="2" type="stmt"/>
          <line num="2" count="2" type="stmt"/>
          <line num="3" count="2" type="stmt"/>
          <line num="4" count="2" type="stmt"/>
          <line num="5" count="2" type="stmt"/>
          <line num="6" count="2" type="stmt"/>
          <line num="14" count="2" type="stmt"/>
          <line num="20" count="2" type="stmt"/>
          <line num="28" count="2" type="stmt"/>
        </file>
        <file name="02_balance.js" path="/home/marcoavfcc/seuBarriga/src/seeds/02_balance.js">
          <metrics statements="6" coveredstatements="6" conditionals="0" coveredconditionals="0" methods="4" coveredmethods="4"/>
          <line num="1" count="2" type="stmt"/>
          <line num="3" count="2" type="stmt"/>
          <line num="4" count="2" type="stmt"/>
          <line num="15" count="2" type="stmt"/>
          <line num="23" count="2" type="stmt"/>
          <line num="31" count="2" type="stmt"/>
        </file>
      </package>
      <package name="seuBarriga.src.services">
        <metrics statements="96" coveredstatements="95" conditionals="53" coveredconditionals="49" methods="27" coveredmethods="26"/>
        <file name="account.js" path="/home/marcoavfcc/seuBarriga/src/services/account.js">
          <metrics statements="18" coveredstatements="18" conditionals="7" coveredconditionals="6" methods="6" coveredmethods="6"/>
          <line num="2" count="7" type="stmt"/>
          <line num="4" count="7" type="stmt"/>
          <line num="5" count="7" type="stmt"/>
          <line num="6" count="2" type="stmt"/>
          <line num="9" count="7" type="cond" truecount="0" falsecount="1"/>
          <line num="10" count="10" type="stmt"/>
          <line num="14" count="7" type="stmt"/>
          <line num="15" count="3" type="cond" truecount="2" falsecount="0"/>
          <line num="17" count="2" type="stmt"/>
          <line num="18" count="2" type="cond" truecount="2" falsecount="0"/>
          <line num="20" count="1" type="stmt"/>
          <line num="23" count="7" type="stmt"/>
          <line num="24" count="1" type="stmt"/>
          <line num="29" count="7" type="stmt"/>
          <line num="30" count="2" type="stmt"/>
          <line num="31" count="2" type="cond" truecount="2" falsecount="0"/>
          <line num="33" count="1" type="stmt"/>
          <line num="38" count="7" type="stmt"/>
        </file>
        <file name="balance.js" path="/home/marcoavfcc/seuBarriga/src/services/balance.js">
          <metrics statements="4" coveredstatements="3" conditionals="0" coveredconditionals="0" methods="2" coveredmethods="1"/>
          <line num="1" count="7" type="stmt"/>
          <line num="2" count="7" type="stmt"/>
          <line num="3" count="0" type="stmt"/>
          <line num="12" count="7" type="stmt"/>
        </file>
        <file name="transaction.js" path="/home/marcoavfcc/seuBarriga/src/services/transaction.js">
          <metrics statements="22" coveredstatements="22" conditionals="21" coveredconditionals="21" methods="6" coveredmethods="6"/>
          <line num="1" count="7" type="stmt"/>
          <line num="3" count="7" type="stmt"/>
          <line num="4" count="7" type="cond" truecount="1" falsecount="0"/>
          <line num="5" count="5" type="stmt"/>
          <line num="12" count="7" type="stmt"/>
          <line num="13" count="3" type="stmt"/>
          <line num="18" count="7" type="stmt"/>
          <line num="19" count="16" type="cond" truecount="2" falsecount="0"/>
          <line num="20" count="15" type="cond" truecount="2" falsecount="0"/>
          <line num="21" count="14" type="cond" truecount="2" falsecount="0"/>
          <line num="22" count="13" type="cond" truecount="2" falsecount="0"/>
          <line num="23" count="12" type="cond" truecount="2" falsecount="0"/>
          <line num="24" count="11" type="cond" truecount="4" falsecount="0"/>
          <line num="26" count="10" type="stmt"/>
          <line num="27" count="10" type="cond" truecount="6" falsecount="0"/>
          <line num="29" count="5" type="stmt"/>
          <line num="32" count="10" type="stmt"/>
          <line num="36" count="7" type="stmt"/>
          <line num="37" count="1" type="stmt"/>
          <line num="42" count="7" type="stmt"/>
          <line num="43" count="1" type="stmt"/>
          <line num="48" count="7" type="stmt"/>
        </file>
        <file name="transfer.js" path="/home/marcoavfcc/seuBarriga/src/services/transfer.js">
          <metrics statements="32" coveredstatements="32" conditionals="16" coveredconditionals="14" methods="8" coveredmethods="8"/>
          <line num="1" count="7" type="stmt"/>
          <line num="3" count="7" type="stmt"/>
          <line num="4" count="7" type="cond" truecount="0" falsecount="1"/>
          <line num="5" count="1" type="stmt"/>
          <line num="10" count="7" type="cond" truecount="0" falsecount="1"/>
          <line num="11" count="12" type="stmt"/>
          <line num="16" count="7" type="stmt"/>
          <line num="17" count="18" type="cond" truecount="2" falsecount="0"/>
          <line num="18" count="16" type="cond" truecount="2" falsecount="0"/>
          <line num="19" count="14" type="cond" truecount="2" falsecount="0"/>
          <line num="20" count="12" type="cond" truecount="2" falsecount="0"/>
          <line num="21" count="10" type="cond" truecount="2" falsecount="0"/>
          <line num="22" count="8" type="cond" truecount="2" falsecount="0"/>
          <line num="24" count="6" type="stmt"/>
          <line num="25" count="6" type="stmt"/>
          <line num="26" count="12" type="cond" truecount="2" falsecount="0"/>
          <line num="30" count="7" type="stmt"/>
          <line num="31" count="3" type="stmt"/>
          <line num="32" count="3" type="stmt"/>
          <line num="34" count="3" type="stmt"/>
          <line num="43" count="3" type="stmt"/>
          <line num="44" count="3" type="stmt"/>
          <line num="47" count="7" type="stmt"/>
          <line num="48" count="1" type="stmt"/>
          <line num="52" count="1" type="stmt"/>
          <line num="61" count="1" type="stmt"/>
          <line num="62" count="1" type="stmt"/>
          <line num="63" count="1" type="stmt"/>
          <line num="66" count="7" type="stmt"/>
          <line num="67" count="1" type="stmt"/>
          <line num="68" count="1" type="stmt"/>
          <line num="71" count="7" type="stmt"/>
        </file>
        <file name="user.js" path="/home/marcoavfcc/seuBarriga/src/services/user.js">
          <metrics statements="20" coveredstatements="20" conditionals="9" coveredconditionals="8" methods="5" coveredmethods="5"/>
          <line num="3" count="7" type="stmt"/>
          <line num="4" count="7" type="stmt"/>
          <line num="6" count="7" type="stmt"/>
          <line num="7" count="7" type="stmt"/>
          <line num="8" count="1" type="stmt"/>
          <line num="11" count="7" type="cond" truecount="0" falsecount="1"/>
          <line num="12" count="85" type="stmt"/>
          <line num="15" count="7" type="stmt"/>
          <line num="16" count="8" type="stmt"/>
          <line num="17" count="8" type="stmt"/>
          <line num="20" count="7" type="stmt"/>
          <line num="21" count="12" type="cond" truecount="2" falsecount="0"/>
          <line num="22" count="11" type="cond" truecount="2" falsecount="0"/>
          <line num="23" count="10" type="cond" truecount="2" falsecount="0"/>
          <line num="25" count="9" type="stmt"/>
          <line num="26" count="9" type="cond" truecount="2" falsecount="0"/>
          <line num="28" count="8" type="stmt"/>
          <line num="29" count="8" type="stmt"/>
          <line num="30" count="8" type="stmt"/>
          <line num="34" count="7" type="stmt"/>
        </file>
      </package>
    </metrics>
  </project>
</coverage>
