{"/home/marcoavfcc/seuBarriga/knexfile.js": {"path":"/home/marcoavfcc/seuBarriga/knexfile.js","statementMap":{"0":{"start":{"line":1,"column":0},"end":{"line":14,"column":2}}},"fnMap":{},"branchMap":{},"s":{"0":7},"f":{},"b":{},"_coverageSchema":"332fd63041d2c1bcb487cc26dd0d5f7d97098a6c","hash":"3e90a558d1f171ba221934f65616bf81603fc357"}
,"/home/marcoavfcc/seuBarriga/src/app.js": {"path":"/home/marcoavfcc/seuBarriga/src/app.js","statementMap":{"0":{"start":{"line":1,"column":12},"end":{"line":1,"column":32}},"1":{"start":{"line":2,"column":16},"end":{"line":2,"column":34}},"2":{"start":{"line":3,"column":13},"end":{"line":3,"column":28}},"3":{"start":{"line":5,"column":17},"end":{"line":5,"column":39}},"4":{"start":{"line":8,"column":0},"end":{"line":8,"column":29}},"5":{"start":{"line":11,"column":0},"end":{"line":17,"column":13}},"6":{"start":{"line":19,"column":0},"end":{"line":21,"column":3}},"7":{"start":{"line":20,"column":2},"end":{"line":20,"column":38}},"8":{"start":{"line":23,"column":0},"end":{"line":29,"column":3}},"9":{"start":{"line":24,"column":35},"end":{"line":24,"column":38}},"10":{"start":{"line":25,"column":2},"end":{"line":25,"column":75}},"11":{"start":{"line":25,"column":34},"end":{"line":25,"column":75}},"12":{"start":{"line":26,"column":2},"end":{"line":27,"column":54}},"13":{"start":{"line":26,"column":39},"end":{"line":26,"column":80}},"14":{"start":{"line":27,"column":7},"end":{"line":27,"column":54}},"15":{"start":{"line":28,"column":2},"end":{"line":28,"column":12}},"16":{"start":{"line":38,"column":0},"end":{"line":38,"column":21}}},"fnMap":{"0":{"name":"(anonymous_0)","decl":{"start":{"line":19,"column":13},"end":{"line":19,"column":14}},"loc":{"start":{"line":19,"column":27},"end":{"line":21,"column":1}},"line":19},"1":{"name":"(anonymous_1)","decl":{"start":{"line":23,"column":8},"end":{"line":23,"column":9}},"loc":{"start":{"line":23,"column":33},"end":{"line":29,"column":1}},"line":23}},"branchMap":{"0":{"loc":{"start":{"line":25,"column":2},"end":{"line":25,"column":75}},"type":"if","locations":[{"start":{"line":25,"column":2},"end":{"line":25,"column":75}},{"start":{"line":25,"column":2},"end":{"line":25,"column":75}}],"line":25},"1":{"loc":{"start":{"line":26,"column":2},"end":{"line":27,"column":54}},"type":"if","locations":[{"start":{"line":26,"column":2},"end":{"line":27,"column":54}},{"start":{"line":26,"column":2},"end":{"line":27,"column":54}}],"line":26}},"s":{"0":7,"1":7,"2":7,"3":7,"4":7,"5":7,"6":7,"7":1,"8":7,"9":34,"10":34,"11":29,"12":34,"13":5,"14":29,"15":5,"16":7},"f":{"0":1,"1":34},"b":{"0":[29,5],"1":[5,29]},"_coverageSchema":"332fd63041d2c1bcb487cc26dd0d5f7d97098a6c","hash":"a32e3ec7e4031197675b9dbdf0270380ccd95d06"}
,"/home/marcoavfcc/seuBarriga/src/config/middlewares.js": {"path":"/home/marcoavfcc/seuBarriga/src/config/middlewares.js","statementMap":{"0":{"start":{"line":1,"column":19},"end":{"line":1,"column":41}},"1":{"start":{"line":4,"column":0},"end":{"line":6,"column":2}},"2":{"start":{"line":5,"column":2},"end":{"line":5,"column":29}}},"fnMap":{"0":{"name":"(anonymous_0)","decl":{"start":{"line":4,"column":17},"end":{"line":4,"column":18}},"loc":{"start":{"line":4,"column":26},"end":{"line":6,"column":1}},"line":4}},"branchMap":{},"s":{"0":7,"1":7,"2":7},"f":{"0":7},"b":{},"_coverageSchema":"332fd63041d2c1bcb487cc26dd0d5f7d97098a6c","hash":"5681b7adc4007fcc18490f2dad8c0f6cc25d0bc3"}
,"/home/marcoavfcc/seuBarriga/src/config/passport.js": {"path":"/home/marcoavfcc/seuBarriga/src/config/passport.js","statementMap":{"0":{"start":{"line":1,"column":17},"end":{"line":1,"column":36}},"1":{"start":{"line":2,"column":20},"end":{"line":2,"column":43}},"2":{"start":{"line":4,"column":15},"end":{"line":4,"column":25}},"3":{"start":{"line":6,"column":33},"end":{"line":6,"column":44}},"4":{"start":{"line":8,"column":0},"end":{"line":25,"column":2}},"5":{"start":{"line":9,"column":17},"end":{"line":12,"column":3}},"6":{"start":{"line":14,"column":19},"end":{"line":20,"column":4}},"7":{"start":{"line":15,"column":4},"end":{"line":19,"column":40}},"8":{"start":{"line":17,"column":8},"end":{"line":18,"column":31}},"9":{"start":{"line":17,"column":18},"end":{"line":17,"column":45}},"10":{"start":{"line":18,"column":13},"end":{"line":18,"column":31}},"11":{"start":{"line":19,"column":22},"end":{"line":19,"column":38}},"12":{"start":{"line":22,"column":2},"end":{"line":22,"column":25}},"13":{"start":{"line":24,"column":2},"end":{"line":24,"column":82}},"14":{"start":{"line":24,"column":31},"end":{"line":24,"column":79}}},"fnMap":{"0":{"name":"(anonymous_0)","decl":{"start":{"line":8,"column":17},"end":{"line":8,"column":18}},"loc":{"start":{"line":8,"column":26},"end":{"line":25,"column":1}},"line":8},"1":{"name":"(anonymous_1)","decl":{"start":{"line":14,"column":40},"end":{"line":14,"column":41}},"loc":{"start":{"line":14,"column":59},"end":{"line":20,"column":3}},"line":14},"2":{"name":"(anonymous_2)","decl":{"start":{"line":16,"column":12},"end":{"line":16,"column":13}},"loc":{"start":{"line":16,"column":22},"end":{"line":19,"column":7}},"line":16},"3":{"name":"(anonymous_3)","decl":{"start":{"line":19,"column":15},"end":{"line":19,"column":16}},"loc":{"start":{"line":19,"column":22},"end":{"line":19,"column":38}},"line":19},"4":{"name":"(anonymous_4)","decl":{"start":{"line":24,"column":25},"end":{"line":24,"column":26}},"loc":{"start":{"line":24,"column":31},"end":{"line":24,"column":79}},"line":24}},"branchMap":{"0":{"loc":{"start":{"line":17,"column":8},"end":{"line":18,"column":31}},"type":"if","locations":[{"start":{"line":17,"column":8},"end":{"line":18,"column":31}},{"start":{"line":17,"column":8},"end":{"line":18,"column":31}}],"line":17}},"s":{"0":7,"1":7,"2":7,"3":7,"4":7,"5":7,"6":7,"7":72,"8":72,"9":72,"10":0,"11":0,"12":7,"13":7,"14":7},"f":{"0":7,"1":72,"2":72,"3":0,"4":7},"b":{"0":[72,0]},"_coverageSchema":"332fd63041d2c1bcb487cc26dd0d5f7d97098a6c","hash":"031f45baeefd8a09b4bbcd7a8169cdd8cfe37505"}
,"/home/marcoavfcc/seuBarriga/src/config/router.js": {"path":"/home/marcoavfcc/seuBarriga/src/config/router.js","statementMap":{"0":{"start":{"line":1,"column":16},"end":{"line":1,"column":34}},"1":{"start":{"line":4,"column":0},"end":{"line":14,"column":2}},"2":{"start":{"line":5,"column":2},"end":{"line":5,"column":36}},"3":{"start":{"line":6,"column":26},"end":{"line":6,"column":42}},"4":{"start":{"line":8,"column":2},"end":{"line":8,"column":50}},"5":{"start":{"line":9,"column":2},"end":{"line":9,"column":56}},"6":{"start":{"line":10,"column":2},"end":{"line":10,"column":64}},"7":{"start":{"line":11,"column":2},"end":{"line":11,"column":58}},"8":{"start":{"line":13,"column":2},"end":{"line":13,"column":70}}},"fnMap":{"0":{"name":"(anonymous_0)","decl":{"start":{"line":4,"column":17},"end":{"line":4,"column":18}},"loc":{"start":{"line":4,"column":26},"end":{"line":14,"column":1}},"line":4}},"branchMap":{},"s":{"0":7,"1":7,"2":7,"3":7,"4":7,"5":7,"6":7,"7":7,"8":7},"f":{"0":7},"b":{},"_coverageSchema":"332fd63041d2c1bcb487cc26dd0d5f7d97098a6c","hash":"31794460279e4b3113b46dcf773974fc72c9d4b1"}
,"/home/marcoavfcc/seuBarriga/src/errors/RecursoIndevidoError.js": {"path":"/home/marcoavfcc/seuBarriga/src/errors/RecursoIndevidoError.js","statementMap":{"0":{"start":{"line":1,"column":0},"end":{"line":4,"column":2}},"1":{"start":{"line":2,"column":2},"end":{"line":2,"column":37}},"2":{"start":{"line":3,"column":2},"end":{"line":3,"column":25}}},"fnMap":{"0":{"name":"RecursoIndevidoError","decl":{"start":{"line":1,"column":26},"end":{"line":1,"column":46}},"loc":{"start":{"line":1,"column":97},"end":{"line":4,"column":1}},"line":1}},"branchMap":{"0":{"loc":{"start":{"line":1,"column":47},"end":{"line":1,"column":95}},"type":"default-arg","locations":[{"start":{"line":1,"column":57},"end":{"line":1,"column":95}}],"line":1}},"s":{"0":7,"1":5,"2":5},"f":{"0":5},"b":{"0":[5]},"_coverageSchema":"332fd63041d2c1bcb487cc26dd0d5f7d97098a6c","hash":"367ed5647fbc1b3ffba2b3ea276fb4150b2dee1e"}
,"/home/marcoavfcc/seuBarriga/src/errors/validationError.js": {"path":"/home/marcoavfcc/seuBarriga/src/errors/validationError.js","statementMap":{"0":{"start":{"line":1,"column":0},"end":{"line":4,"column":2}},"1":{"start":{"line":2,"column":2},"end":{"line":2,"column":32}},"2":{"start":{"line":3,"column":2},"end":{"line":3,"column":25}}},"fnMap":{"0":{"name":"ValidationError","decl":{"start":{"line":1,"column":26},"end":{"line":1,"column":41}},"loc":{"start":{"line":1,"column":51},"end":{"line":4,"column":1}},"line":1}},"branchMap":{},"s":{"0":7,"1":29,"2":29},"f":{"0":29},"b":{},"_coverageSchema":"332fd63041d2c1bcb487cc26dd0d5f7d97098a6c","hash":"e6444c199061b52c26833ad366092355d7f39804"}
,"/home/marcoavfcc/seuBarriga/src/routes/accounts.js": {"path":"/home/marcoavfcc/seuBarriga/src/routes/accounts.js","statementMap":{"0":{"start":{"line":1,"column":16},"end":{"line":1,"column":34}},"1":{"start":{"line":2,"column":29},"end":{"line":2,"column":70}},"2":{"start":{"line":4,"column":0},"end":{"line":47,"column":2}},"3":{"start":{"line":5,"column":17},"end":{"line":5,"column":33}},"4":{"start":{"line":7,"column":2},"end":{"line":13,"column":5}},"5":{"start":{"line":8,"column":4},"end":{"line":12,"column":33}},"6":{"start":{"line":10,"column":8},"end":{"line":11,"column":20}},"7":{"start":{"line":10,"column":41},"end":{"line":10,"column":74}},"8":{"start":{"line":11,"column":13},"end":{"line":11,"column":20}},"9":{"start":{"line":12,"column":22},"end":{"line":12,"column":31}},"10":{"start":{"line":15,"column":2},"end":{"line":20,"column":5}},"11":{"start":{"line":16,"column":4},"end":{"line":19,"column":33}},"12":{"start":{"line":18,"column":8},"end":{"line":18,"column":47}},"13":{"start":{"line":19,"column":22},"end":{"line":19,"column":31}},"14":{"start":{"line":22,"column":2},"end":{"line":26,"column":5}},"15":{"start":{"line":23,"column":4},"end":{"line":25,"column":31}},"16":{"start":{"line":24,"column":22},"end":{"line":24,"column":50}},"17":{"start":{"line":25,"column":20},"end":{"line":25,"column":29}},"18":{"start":{"line":28,"column":2},"end":{"line":32,"column":5}},"19":{"start":{"line":29,"column":4},"end":{"line":31,"column":31}},"20":{"start":{"line":30,"column":22},"end":{"line":30,"column":50}},"21":{"start":{"line":31,"column":20},"end":{"line":31,"column":29}},"22":{"start":{"line":34,"column":2},"end":{"line":38,"column":5}},"23":{"start":{"line":35,"column":4},"end":{"line":37,"column":31}},"24":{"start":{"line":36,"column":22},"end":{"line":36,"column":53}},"25":{"start":{"line":37,"column":20},"end":{"line":37,"column":29}},"26":{"start":{"line":40,"column":2},"end":{"line":44,"column":5}},"27":{"start":{"line":41,"column":4},"end":{"line":43,"column":31}},"28":{"start":{"line":42,"column":18},"end":{"line":42,"column":40}},"29":{"start":{"line":43,"column":20},"end":{"line":43,"column":29}},"30":{"start":{"line":46,"column":2},"end":{"line":46,"column":16}}},"fnMap":{"0":{"name":"(anonymous_0)","decl":{"start":{"line":4,"column":17},"end":{"line":4,"column":18}},"loc":{"start":{"line":4,"column":26},"end":{"line":47,"column":1}},"line":4},"1":{"name":"(anonymous_1)","decl":{"start":{"line":7,"column":21},"end":{"line":7,"column":22}},"loc":{"start":{"line":7,"column":41},"end":{"line":13,"column":3}},"line":7},"2":{"name":"(anonymous_2)","decl":{"start":{"line":9,"column":12},"end":{"line":9,"column":13}},"loc":{"start":{"line":9,"column":21},"end":{"line":12,"column":7}},"line":9},"3":{"name":"(anonymous_3)","decl":{"start":{"line":12,"column":15},"end":{"line":12,"column":16}},"loc":{"start":{"line":12,"column":22},"end":{"line":12,"column":31}},"line":12},"4":{"name":"(anonymous_4)","decl":{"start":{"line":15,"column":19},"end":{"line":15,"column":20}},"loc":{"start":{"line":15,"column":39},"end":{"line":20,"column":3}},"line":15},"5":{"name":"(anonymous_5)","decl":{"start":{"line":17,"column":12},"end":{"line":17,"column":13}},"loc":{"start":{"line":17,"column":24},"end":{"line":19,"column":7}},"line":17},"6":{"name":"(anonymous_6)","decl":{"start":{"line":19,"column":15},"end":{"line":19,"column":16}},"loc":{"start":{"line":19,"column":22},"end":{"line":19,"column":31}},"line":19},"7":{"name":"(anonymous_7)","decl":{"start":{"line":22,"column":18},"end":{"line":22,"column":19}},"loc":{"start":{"line":22,"column":38},"end":{"line":26,"column":3}},"line":22},"8":{"name":"(anonymous_8)","decl":{"start":{"line":24,"column":12},"end":{"line":24,"column":13}},"loc":{"start":{"line":24,"column":22},"end":{"line":24,"column":50}},"line":24},"9":{"name":"(anonymous_9)","decl":{"start":{"line":25,"column":13},"end":{"line":25,"column":14}},"loc":{"start":{"line":25,"column":20},"end":{"line":25,"column":29}},"line":25},"10":{"name":"(anonymous_10)","decl":{"start":{"line":28,"column":21},"end":{"line":28,"column":22}},"loc":{"start":{"line":28,"column":41},"end":{"line":32,"column":3}},"line":28},"11":{"name":"(anonymous_11)","decl":{"start":{"line":30,"column":12},"end":{"line":30,"column":13}},"loc":{"start":{"line":30,"column":22},"end":{"line":30,"column":50}},"line":30},"12":{"name":"(anonymous_12)","decl":{"start":{"line":31,"column":13},"end":{"line":31,"column":14}},"loc":{"start":{"line":31,"column":20},"end":{"line":31,"column":29}},"line":31},"13":{"name":"(anonymous_13)","decl":{"start":{"line":34,"column":21},"end":{"line":34,"column":22}},"loc":{"start":{"line":34,"column":41},"end":{"line":38,"column":3}},"line":34},"14":{"name":"(anonymous_14)","decl":{"start":{"line":36,"column":12},"end":{"line":36,"column":13}},"loc":{"start":{"line":36,"column":22},"end":{"line":36,"column":53}},"line":36},"15":{"name":"(anonymous_15)","decl":{"start":{"line":37,"column":13},"end":{"line":37,"column":14}},"loc":{"start":{"line":37,"column":20},"end":{"line":37,"column":29}},"line":37},"16":{"name":"(anonymous_16)","decl":{"start":{"line":40,"column":24},"end":{"line":40,"column":25}},"loc":{"start":{"line":40,"column":44},"end":{"line":44,"column":3}},"line":40},"17":{"name":"(anonymous_17)","decl":{"start":{"line":42,"column":12},"end":{"line":42,"column":13}},"loc":{"start":{"line":42,"column":18},"end":{"line":42,"column":40}},"line":42},"18":{"name":"(anonymous_18)","decl":{"start":{"line":43,"column":13},"end":{"line":43,"column":14}},"loc":{"start":{"line":43,"column":20},"end":{"line":43,"column":29}},"line":43}},"branchMap":{"0":{"loc":{"start":{"line":10,"column":8},"end":{"line":11,"column":20}},"type":"if","locations":[{"start":{"line":10,"column":8},"end":{"line":11,"column":20}},{"start":{"line":10,"column":8},"end":{"line":11,"column":20}}],"line":10}},"s":{"0":7,"1":7,"2":7,"3":7,"4":7,"5":7,"6":7,"7":3,"8":4,"9":3,"10":7,"11":3,"12":1,"13":2,"14":7,"15":2,"16":2,"17":0,"18":7,"19":1,"20":1,"21":0,"22":7,"23":1,"24":1,"25":0,"26":7,"27":2,"28":1,"29":1,"30":7},"f":{"0":7,"1":7,"2":7,"3":3,"4":3,"5":1,"6":2,"7":2,"8":2,"9":0,"10":1,"11":1,"12":0,"13":1,"14":1,"15":0,"16":2,"17":1,"18":1},"b":{"0":[3,4]},"_coverageSchema":"332fd63041d2c1bcb487cc26dd0d5f7d97098a6c","hash":"b83471f8cbfa54b30c6cc68080dbd547028160c7"}
,"/home/marcoavfcc/seuBarriga/src/routes/auth.js": {"path":"/home/marcoavfcc/seuBarriga/src/routes/auth.js","statementMap":{"0":{"start":{"line":1,"column":16},"end":{"line":1,"column":34}},"1":{"start":{"line":2,"column":12},"end":{"line":2,"column":33}},"2":{"start":{"line":3,"column":15},"end":{"line":3,"column":39}},"3":{"start":{"line":4,"column":24},"end":{"line":4,"column":60}},"4":{"start":{"line":6,"column":15},"end":{"line":6,"column":25}},"5":{"start":{"line":8,"column":0},"end":{"line":38,"column":2}},"6":{"start":{"line":9,"column":17},"end":{"line":9,"column":33}},"7":{"start":{"line":12,"column":2},"end":{"line":26,"column":5}},"8":{"start":{"line":13,"column":4},"end":{"line":25,"column":33}},"9":{"start":{"line":15,"column":8},"end":{"line":15,"column":73}},"10":{"start":{"line":15,"column":19},"end":{"line":15,"column":73}},"11":{"start":{"line":16,"column":8},"end":{"line":24,"column":69}},"12":{"start":{"line":17,"column":26},"end":{"line":21,"column":11}},"13":{"start":{"line":22,"column":24},"end":{"line":22,"column":51}},"14":{"start":{"line":23,"column":10},"end":{"line":23,"column":42}},"15":{"start":{"line":24,"column":15},"end":{"line":24,"column":69}},"16":{"start":{"line":25,"column":22},"end":{"line":25,"column":31}},"17":{"start":{"line":28,"column":2},"end":{"line":35,"column":5}},"18":{"start":{"line":29,"column":4},"end":{"line":34,"column":5}},"19":{"start":{"line":30,"column":21},"end":{"line":30,"column":59}},"20":{"start":{"line":31,"column":6},"end":{"line":31,"column":45}},"21":{"start":{"line":33,"column":6},"end":{"line":33,"column":23}},"22":{"start":{"line":37,"column":2},"end":{"line":37,"column":16}}},"fnMap":{"0":{"name":"(anonymous_0)","decl":{"start":{"line":8,"column":17},"end":{"line":8,"column":18}},"loc":{"start":{"line":8,"column":26},"end":{"line":38,"column":1}},"line":8},"1":{"name":"(anonymous_1)","decl":{"start":{"line":12,"column":25},"end":{"line":12,"column":26}},"loc":{"start":{"line":12,"column":45},"end":{"line":26,"column":3}},"line":12},"2":{"name":"(anonymous_2)","decl":{"start":{"line":14,"column":12},"end":{"line":14,"column":13}},"loc":{"start":{"line":14,"column":22},"end":{"line":25,"column":7}},"line":14},"3":{"name":"(anonymous_3)","decl":{"start":{"line":25,"column":15},"end":{"line":25,"column":16}},"loc":{"start":{"line":25,"column":22},"end":{"line":25,"column":31}},"line":25},"4":{"name":"(anonymous_4)","decl":{"start":{"line":28,"column":25},"end":{"line":28,"column":26}},"loc":{"start":{"line":28,"column":51},"end":{"line":35,"column":3}},"line":28}},"branchMap":{"0":{"loc":{"start":{"line":15,"column":8},"end":{"line":15,"column":73}},"type":"if","locations":[{"start":{"line":15,"column":8},"end":{"line":15,"column":73}},{"start":{"line":15,"column":8},"end":{"line":15,"column":73}}],"line":15},"1":{"loc":{"start":{"line":16,"column":8},"end":{"line":24,"column":69}},"type":"if","locations":[{"start":{"line":16,"column":8},"end":{"line":24,"column":69}},{"start":{"line":16,"column":8},"end":{"line":24,"column":69}}],"line":16}},"s":{"0":7,"1":7,"2":7,"3":7,"4":7,"5":7,"6":7,"7":7,"8":3,"9":3,"10":1,"11":2,"12":1,"13":1,"14":1,"15":1,"16":2,"17":7,"18":1,"19":1,"20":1,"21":0,"22":7},"f":{"0":7,"1":3,"2":3,"3":2,"4":1},"b":{"0":[1,2],"1":[1,1]},"_coverageSchema":"332fd63041d2c1bcb487cc26dd0d5f7d97098a6c","hash":"8ec864750d20296560944c8dcf74b74f5d2fb6dc"}
,"/home/marcoavfcc/seuBarriga/src/routes/balance.js": {"path":"/home/marcoavfcc/seuBarriga/src/routes/balance.js","statementMap":{"0":{"start":{"line":1,"column":16},"end":{"line":1,"column":34}},"1":{"start":{"line":3,"column":0},"end":{"line":13,"column":2}},"2":{"start":{"line":4,"column":17},"end":{"line":4,"column":33}},"3":{"start":{"line":6,"column":2},"end":{"line":10,"column":5}},"4":{"start":{"line":7,"column":4},"end":{"line":9,"column":31}},"5":{"start":{"line":8,"column":22},"end":{"line":8,"column":50}},"6":{"start":{"line":9,"column":20},"end":{"line":9,"column":29}},"7":{"start":{"line":12,"column":2},"end":{"line":12,"column":16}}},"fnMap":{"0":{"name":"(anonymous_0)","decl":{"start":{"line":3,"column":17},"end":{"line":3,"column":18}},"loc":{"start":{"line":3,"column":26},"end":{"line":13,"column":1}},"line":3},"1":{"name":"(anonymous_1)","decl":{"start":{"line":6,"column":18},"end":{"line":6,"column":19}},"loc":{"start":{"line":6,"column":38},"end":{"line":10,"column":3}},"line":6},"2":{"name":"(anonymous_2)","decl":{"start":{"line":8,"column":12},"end":{"line":8,"column":13}},"loc":{"start":{"line":8,"column":22},"end":{"line":8,"column":50}},"line":8},"3":{"name":"(anonymous_3)","decl":{"start":{"line":9,"column":13},"end":{"line":9,"column":14}},"loc":{"start":{"line":9,"column":20},"end":{"line":9,"column":29}},"line":9}},"branchMap":{},"s":{"0":7,"1":7,"2":7,"3":7,"4":0,"5":0,"6":0,"7":7},"f":{"0":7,"1":0,"2":0,"3":0},"b":{},"_coverageSchema":"332fd63041d2c1bcb487cc26dd0d5f7d97098a6c","hash":"72584cf3ec1017e20718590e2ca37327f033907f"}
,"/home/marcoavfcc/seuBarriga/src/routes/transactions.js": {"path":"/home/marcoavfcc/seuBarriga/src/routes/transactions.js","statementMap":{"0":{"start":{"line":1,"column":16},"end":{"line":1,"column":34}},"1":{"start":{"line":2,"column":29},"end":{"line":2,"column":70}},"2":{"start":{"line":4,"column":0},"end":{"line":47,"column":2}},"3":{"start":{"line":5,"column":17},"end":{"line":5,"column":33}},"4":{"start":{"line":8,"column":2},"end":{"line":14,"column":5}},"5":{"start":{"line":9,"column":4},"end":{"line":13,"column":33}},"6":{"start":{"line":11,"column":8},"end":{"line":12,"column":46}},"7":{"start":{"line":11,"column":31},"end":{"line":11,"column":38}},"8":{"start":{"line":12,"column":13},"end":{"line":12,"column":46}},"9":{"start":{"line":13,"column":22},"end":{"line":13,"column":31}},"10":{"start":{"line":16,"column":2},"end":{"line":20,"column":5}},"11":{"start":{"line":17,"column":4},"end":{"line":19,"column":31}},"12":{"start":{"line":18,"column":22},"end":{"line":18,"column":50}},"13":{"start":{"line":19,"column":20},"end":{"line":19,"column":29}},"14":{"start":{"line":22,"column":2},"end":{"line":26,"column":5}},"15":{"start":{"line":23,"column":4},"end":{"line":25,"column":31}},"16":{"start":{"line":24,"column":22},"end":{"line":24,"column":53}},"17":{"start":{"line":25,"column":20},"end":{"line":25,"column":29}},"18":{"start":{"line":28,"column":2},"end":{"line":32,"column":5}},"19":{"start":{"line":29,"column":4},"end":{"line":31,"column":31}},"20":{"start":{"line":30,"column":22},"end":{"line":30,"column":50}},"21":{"start":{"line":31,"column":20},"end":{"line":31,"column":29}},"22":{"start":{"line":34,"column":2},"end":{"line":38,"column":5}},"23":{"start":{"line":35,"column":4},"end":{"line":37,"column":31}},"24":{"start":{"line":36,"column":22},"end":{"line":36,"column":53}},"25":{"start":{"line":37,"column":20},"end":{"line":37,"column":29}},"26":{"start":{"line":40,"column":2},"end":{"line":44,"column":5}},"27":{"start":{"line":41,"column":4},"end":{"line":43,"column":31}},"28":{"start":{"line":42,"column":18},"end":{"line":42,"column":40}},"29":{"start":{"line":43,"column":20},"end":{"line":43,"column":29}},"30":{"start":{"line":46,"column":2},"end":{"line":46,"column":16}}},"fnMap":{"0":{"name":"(anonymous_0)","decl":{"start":{"line":4,"column":17},"end":{"line":4,"column":18}},"loc":{"start":{"line":4,"column":26},"end":{"line":47,"column":1}},"line":4},"1":{"name":"(anonymous_1)","decl":{"start":{"line":8,"column":21},"end":{"line":8,"column":22}},"loc":{"start":{"line":8,"column":41},"end":{"line":14,"column":3}},"line":8},"2":{"name":"(anonymous_2)","decl":{"start":{"line":10,"column":12},"end":{"line":10,"column":13}},"loc":{"start":{"line":10,"column":24},"end":{"line":13,"column":7}},"line":10},"3":{"name":"(anonymous_3)","decl":{"start":{"line":13,"column":15},"end":{"line":13,"column":16}},"loc":{"start":{"line":13,"column":22},"end":{"line":13,"column":31}},"line":13},"4":{"name":"(anonymous_4)","decl":{"start":{"line":16,"column":18},"end":{"line":16,"column":19}},"loc":{"start":{"line":16,"column":38},"end":{"line":20,"column":3}},"line":16},"5":{"name":"(anonymous_5)","decl":{"start":{"line":18,"column":12},"end":{"line":18,"column":13}},"loc":{"start":{"line":18,"column":22},"end":{"line":18,"column":50}},"line":18},"6":{"name":"(anonymous_6)","decl":{"start":{"line":19,"column":13},"end":{"line":19,"column":14}},"loc":{"start":{"line":19,"column":20},"end":{"line":19,"column":29}},"line":19},"7":{"name":"(anonymous_7)","decl":{"start":{"line":22,"column":19},"end":{"line":22,"column":20}},"loc":{"start":{"line":22,"column":39},"end":{"line":26,"column":3}},"line":22},"8":{"name":"(anonymous_8)","decl":{"start":{"line":24,"column":12},"end":{"line":24,"column":13}},"loc":{"start":{"line":24,"column":22},"end":{"line":24,"column":53}},"line":24},"9":{"name":"(anonymous_9)","decl":{"start":{"line":25,"column":13},"end":{"line":25,"column":14}},"loc":{"start":{"line":25,"column":20},"end":{"line":25,"column":29}},"line":25},"10":{"name":"(anonymous_10)","decl":{"start":{"line":28,"column":21},"end":{"line":28,"column":22}},"loc":{"start":{"line":28,"column":41},"end":{"line":32,"column":3}},"line":28},"11":{"name":"(anonymous_11)","decl":{"start":{"line":30,"column":12},"end":{"line":30,"column":13}},"loc":{"start":{"line":30,"column":22},"end":{"line":30,"column":50}},"line":30},"12":{"name":"(anonymous_12)","decl":{"start":{"line":31,"column":13},"end":{"line":31,"column":14}},"loc":{"start":{"line":31,"column":20},"end":{"line":31,"column":29}},"line":31},"13":{"name":"(anonymous_13)","decl":{"start":{"line":34,"column":21},"end":{"line":34,"column":22}},"loc":{"start":{"line":34,"column":41},"end":{"line":38,"column":3}},"line":34},"14":{"name":"(anonymous_14)","decl":{"start":{"line":36,"column":12},"end":{"line":36,"column":13}},"loc":{"start":{"line":36,"column":22},"end":{"line":36,"column":53}},"line":36},"15":{"name":"(anonymous_15)","decl":{"start":{"line":37,"column":13},"end":{"line":37,"column":14}},"loc":{"start":{"line":37,"column":20},"end":{"line":37,"column":29}},"line":37},"16":{"name":"(anonymous_16)","decl":{"start":{"line":40,"column":24},"end":{"line":40,"column":25}},"loc":{"start":{"line":40,"column":44},"end":{"line":44,"column":3}},"line":40},"17":{"name":"(anonymous_17)","decl":{"start":{"line":42,"column":12},"end":{"line":42,"column":13}},"loc":{"start":{"line":42,"column":18},"end":{"line":42,"column":40}},"line":42},"18":{"name":"(anonymous_18)","decl":{"start":{"line":43,"column":13},"end":{"line":43,"column":14}},"loc":{"start":{"line":43,"column":20},"end":{"line":43,"column":29}},"line":43}},"branchMap":{"0":{"loc":{"start":{"line":11,"column":8},"end":{"line":12,"column":46}},"type":"if","locations":[{"start":{"line":11,"column":8},"end":{"line":12,"column":46}},{"start":{"line":11,"column":8},"end":{"line":12,"column":46}}],"line":11}},"s":{"0":7,"1":7,"2":7,"3":7,"4":7,"5":4,"6":4,"7":3,"8":1,"9":1,"10":7,"11":1,"12":1,"13":0,"14":7,"15":16,"16":10,"17":0,"18":7,"19":1,"20":1,"21":0,"22":7,"23":1,"24":1,"25":0,"26":7,"27":1,"28":1,"29":0,"30":7},"f":{"0":7,"1":4,"2":4,"3":1,"4":1,"5":1,"6":0,"7":16,"8":10,"9":0,"10":1,"11":1,"12":0,"13":1,"14":1,"15":0,"16":1,"17":1,"18":0},"b":{"0":[3,1]},"_coverageSchema":"332fd63041d2c1bcb487cc26dd0d5f7d97098a6c","hash":"695a7925e59deaf70bb4819fe9d49d9a869ce36e"}
,"/home/marcoavfcc/seuBarriga/src/routes/transfers.js": {"path":"/home/marcoavfcc/seuBarriga/src/routes/transfers.js","statementMap":{"0":{"start":{"line":1,"column":16},"end":{"line":1,"column":34}},"1":{"start":{"line":2,"column":29},"end":{"line":2,"column":70}},"2":{"start":{"line":4,"column":0},"end":{"line":53,"column":2}},"3":{"start":{"line":5,"column":17},"end":{"line":5,"column":33}},"4":{"start":{"line":7,"column":2},"end":{"line":13,"column":5}},"5":{"start":{"line":8,"column":4},"end":{"line":12,"column":33}},"6":{"start":{"line":10,"column":8},"end":{"line":10,"column":77}},"7":{"start":{"line":10,"column":44},"end":{"line":10,"column":77}},"8":{"start":{"line":11,"column":8},"end":{"line":11,"column":15}},"9":{"start":{"line":12,"column":22},"end":{"line":12,"column":31}},"10":{"start":{"line":15,"column":19},"end":{"line":19,"column":3}},"11":{"start":{"line":16,"column":4},"end":{"line":18,"column":31}},"12":{"start":{"line":17,"column":18},"end":{"line":17,"column":24}},"13":{"start":{"line":18,"column":20},"end":{"line":18,"column":29}},"14":{"start":{"line":21,"column":2},"end":{"line":25,"column":5}},"15":{"start":{"line":22,"column":4},"end":{"line":24,"column":31}},"16":{"start":{"line":23,"column":22},"end":{"line":23,"column":50}},"17":{"start":{"line":24,"column":20},"end":{"line":24,"column":29}},"18":{"start":{"line":27,"column":2},"end":{"line":32,"column":5}},"19":{"start":{"line":28,"column":21},"end":{"line":28,"column":58}},"20":{"start":{"line":29,"column":4},"end":{"line":31,"column":31}},"21":{"start":{"line":30,"column":22},"end":{"line":30,"column":53}},"22":{"start":{"line":31,"column":20},"end":{"line":31,"column":29}},"23":{"start":{"line":34,"column":2},"end":{"line":38,"column":5}},"24":{"start":{"line":35,"column":4},"end":{"line":37,"column":31}},"25":{"start":{"line":36,"column":22},"end":{"line":36,"column":50}},"26":{"start":{"line":37,"column":20},"end":{"line":37,"column":29}},"27":{"start":{"line":40,"column":2},"end":{"line":44,"column":5}},"28":{"start":{"line":41,"column":4},"end":{"line":43,"column":31}},"29":{"start":{"line":42,"column":22},"end":{"line":42,"column":53}},"30":{"start":{"line":43,"column":20},"end":{"line":43,"column":29}},"31":{"start":{"line":46,"column":2},"end":{"line":50,"column":5}},"32":{"start":{"line":47,"column":4},"end":{"line":49,"column":31}},"33":{"start":{"line":48,"column":18},"end":{"line":48,"column":40}},"34":{"start":{"line":49,"column":20},"end":{"line":49,"column":29}},"35":{"start":{"line":52,"column":2},"end":{"line":52,"column":16}}},"fnMap":{"0":{"name":"(anonymous_0)","decl":{"start":{"line":4,"column":17},"end":{"line":4,"column":18}},"loc":{"start":{"line":4,"column":26},"end":{"line":53,"column":1}},"line":4},"1":{"name":"(anonymous_1)","decl":{"start":{"line":7,"column":21},"end":{"line":7,"column":22}},"loc":{"start":{"line":7,"column":41},"end":{"line":13,"column":3}},"line":7},"2":{"name":"(anonymous_2)","decl":{"start":{"line":9,"column":12},"end":{"line":9,"column":13}},"loc":{"start":{"line":9,"column":24},"end":{"line":12,"column":7}},"line":9},"3":{"name":"(anonymous_3)","decl":{"start":{"line":12,"column":15},"end":{"line":12,"column":16}},"loc":{"start":{"line":12,"column":22},"end":{"line":12,"column":31}},"line":12},"4":{"name":"(anonymous_4)","decl":{"start":{"line":15,"column":19},"end":{"line":15,"column":20}},"loc":{"start":{"line":15,"column":39},"end":{"line":19,"column":3}},"line":15},"5":{"name":"(anonymous_5)","decl":{"start":{"line":17,"column":12},"end":{"line":17,"column":13}},"loc":{"start":{"line":17,"column":18},"end":{"line":17,"column":24}},"line":17},"6":{"name":"(anonymous_6)","decl":{"start":{"line":18,"column":13},"end":{"line":18,"column":14}},"loc":{"start":{"line":18,"column":20},"end":{"line":18,"column":29}},"line":18},"7":{"name":"(anonymous_7)","decl":{"start":{"line":21,"column":18},"end":{"line":21,"column":19}},"loc":{"start":{"line":21,"column":38},"end":{"line":25,"column":3}},"line":21},"8":{"name":"(anonymous_8)","decl":{"start":{"line":23,"column":12},"end":{"line":23,"column":13}},"loc":{"start":{"line":23,"column":22},"end":{"line":23,"column":50}},"line":23},"9":{"name":"(anonymous_9)","decl":{"start":{"line":24,"column":13},"end":{"line":24,"column":14}},"loc":{"start":{"line":24,"column":20},"end":{"line":24,"column":29}},"line":24},"10":{"name":"(anonymous_10)","decl":{"start":{"line":27,"column":29},"end":{"line":27,"column":30}},"loc":{"start":{"line":27,"column":49},"end":{"line":32,"column":3}},"line":27},"11":{"name":"(anonymous_11)","decl":{"start":{"line":30,"column":12},"end":{"line":30,"column":13}},"loc":{"start":{"line":30,"column":22},"end":{"line":30,"column":53}},"line":30},"12":{"name":"(anonymous_12)","decl":{"start":{"line":31,"column":13},"end":{"line":31,"column":14}},"loc":{"start":{"line":31,"column":20},"end":{"line":31,"column":29}},"line":31},"13":{"name":"(anonymous_13)","decl":{"start":{"line":34,"column":21},"end":{"line":34,"column":22}},"loc":{"start":{"line":34,"column":41},"end":{"line":38,"column":3}},"line":34},"14":{"name":"(anonymous_14)","decl":{"start":{"line":36,"column":12},"end":{"line":36,"column":13}},"loc":{"start":{"line":36,"column":22},"end":{"line":36,"column":50}},"line":36},"15":{"name":"(anonymous_15)","decl":{"start":{"line":37,"column":13},"end":{"line":37,"column":14}},"loc":{"start":{"line":37,"column":20},"end":{"line":37,"column":29}},"line":37},"16":{"name":"(anonymous_16)","decl":{"start":{"line":40,"column":31},"end":{"line":40,"column":32}},"loc":{"start":{"line":40,"column":51},"end":{"line":44,"column":3}},"line":40},"17":{"name":"(anonymous_17)","decl":{"start":{"line":42,"column":12},"end":{"line":42,"column":13}},"loc":{"start":{"line":42,"column":22},"end":{"line":42,"column":53}},"line":42},"18":{"name":"(anonymous_18)","decl":{"start":{"line":43,"column":13},"end":{"line":43,"column":14}},"loc":{"start":{"line":43,"column":20},"end":{"line":43,"column":29}},"line":43},"19":{"name":"(anonymous_19)","decl":{"start":{"line":46,"column":24},"end":{"line":46,"column":25}},"loc":{"start":{"line":46,"column":44},"end":{"line":50,"column":3}},"line":46},"20":{"name":"(anonymous_20)","decl":{"start":{"line":48,"column":12},"end":{"line":48,"column":13}},"loc":{"start":{"line":48,"column":18},"end":{"line":48,"column":40}},"line":48},"21":{"name":"(anonymous_21)","decl":{"start":{"line":49,"column":13},"end":{"line":49,"column":14}},"loc":{"start":{"line":49,"column":20},"end":{"line":49,"column":29}},"line":49}},"branchMap":{"0":{"loc":{"start":{"line":10,"column":8},"end":{"line":10,"column":77}},"type":"if","locations":[{"start":{"line":10,"column":8},"end":{"line":10,"column":77}},{"start":{"line":10,"column":8},"end":{"line":10,"column":77}}],"line":10}},"s":{"0":7,"1":7,"2":7,"3":7,"4":7,"5":11,"6":11,"7":1,"8":10,"9":1,"10":7,"11":18,"12":4,"13":14,"14":7,"15":1,"16":1,"17":0,"18":7,"19":3,"20":3,"21":3,"22":0,"23":7,"24":1,"25":1,"26":0,"27":7,"28":1,"29":1,"30":0,"31":7,"32":1,"33":1,"34":0,"35":7},"f":{"0":7,"1":11,"2":11,"3":1,"4":18,"5":4,"6":14,"7":1,"8":1,"9":0,"10":3,"11":3,"12":0,"13":1,"14":1,"15":0,"16":1,"17":1,"18":0,"19":1,"20":1,"21":0},"b":{"0":[1,10]},"_coverageSchema":"332fd63041d2c1bcb487cc26dd0d5f7d97098a6c","hash":"7f85caeb7970c9cd3c6c10bca4c69528aae5e5c3"}
,"/home/marcoavfcc/seuBarriga/src/routes/users.js": {"path":"/home/marcoavfcc/seuBarriga/src/routes/users.js","statementMap":{"0":{"start":{"line":1,"column":16},"end":{"line":1,"column":34}},"1":{"start":{"line":3,"column":0},"end":{"line":23,"column":2}},"2":{"start":{"line":4,"column":17},"end":{"line":4,"column":33}},"3":{"start":{"line":6,"column":2},"end":{"line":10,"column":5}},"4":{"start":{"line":7,"column":4},"end":{"line":9,"column":31}},"5":{"start":{"line":8,"column":22},"end":{"line":8,"column":50}},"6":{"start":{"line":9,"column":20},"end":{"line":9,"column":29}},"7":{"start":{"line":12,"column":2},"end":{"line":19,"column":5}},"8":{"start":{"line":13,"column":4},"end":{"line":18,"column":5}},"9":{"start":{"line":14,"column":21},"end":{"line":14,"column":59}},"10":{"start":{"line":15,"column":6},"end":{"line":15,"column":45}},"11":{"start":{"line":17,"column":6},"end":{"line":17,"column":23}},"12":{"start":{"line":22,"column":2},"end":{"line":22,"column":16}}},"fnMap":{"0":{"name":"(anonymous_0)","decl":{"start":{"line":3,"column":17},"end":{"line":3,"column":18}},"loc":{"start":{"line":3,"column":26},"end":{"line":23,"column":1}},"line":3},"1":{"name":"(anonymous_1)","decl":{"start":{"line":6,"column":18},"end":{"line":6,"column":19}},"loc":{"start":{"line":6,"column":38},"end":{"line":10,"column":3}},"line":6},"2":{"name":"(anonymous_2)","decl":{"start":{"line":8,"column":12},"end":{"line":8,"column":13}},"loc":{"start":{"line":8,"column":22},"end":{"line":8,"column":50}},"line":8},"3":{"name":"(anonymous_3)","decl":{"start":{"line":9,"column":13},"end":{"line":9,"column":14}},"loc":{"start":{"line":9,"column":20},"end":{"line":9,"column":29}},"line":9},"4":{"name":"(anonymous_4)","decl":{"start":{"line":12,"column":19},"end":{"line":12,"column":20}},"loc":{"start":{"line":12,"column":45},"end":{"line":19,"column":3}},"line":12}},"branchMap":{},"s":{"0":7,"1":7,"2":7,"3":7,"4":1,"5":1,"6":0,"7":7,"8":6,"9":6,"10":2,"11":4,"12":7},"f":{"0":7,"1":1,"2":1,"3":0,"4":6},"b":{},"_coverageSchema":"332fd63041d2c1bcb487cc26dd0d5f7d97098a6c","hash":"444a401b003e2a49aed96244cbedb0ab15376011"}
,"/home/marcoavfcc/seuBarriga/src/seeds/01_transfer.js": {"path":"/home/marcoavfcc/seuBarriga/src/seeds/01_transfer.js","statementMap":{"0":{"start":{"line":1,"column":0},"end":{"line":42,"column":2}},"1":{"start":{"line":2,"column":2},"end":{"line":41,"column":8}},"2":{"start":{"line":3,"column":16},"end":{"line":3,"column":39}},"3":{"start":{"line":4,"column":16},"end":{"line":4,"column":38}},"4":{"start":{"line":5,"column":16},"end":{"line":5,"column":35}},"5":{"start":{"line":6,"column":16},"end":{"line":13,"column":6}},"6":{"start":{"line":14,"column":16},"end":{"line":19,"column":6}},"7":{"start":{"line":20,"column":16},"end":{"line":27,"column":6}},"8":{"start":{"line":28,"column":16},"end":{"line":41,"column":6}}},"fnMap":{"0":{"name":"(anonymous_0)","decl":{"start":{"line":1,"column":15},"end":{"line":1,"column":16}},"loc":{"start":{"line":1,"column":25},"end":{"line":42,"column":1}},"line":1},"1":{"name":"(anonymous_1)","decl":{"start":{"line":3,"column":10},"end":{"line":3,"column":11}},"loc":{"start":{"line":3,"column":16},"end":{"line":3,"column":39}},"line":3},"2":{"name":"(anonymous_2)","decl":{"start":{"line":4,"column":10},"end":{"line":4,"column":11}},"loc":{"start":{"line":4,"column":16},"end":{"line":4,"column":38}},"line":4},"3":{"name":"(anonymous_3)","decl":{"start":{"line":5,"column":10},"end":{"line":5,"column":11}},"loc":{"start":{"line":5,"column":16},"end":{"line":5,"column":35}},"line":5},"4":{"name":"(anonymous_4)","decl":{"start":{"line":6,"column":10},"end":{"line":6,"column":11}},"loc":{"start":{"line":6,"column":16},"end":{"line":13,"column":6}},"line":6},"5":{"name":"(anonymous_5)","decl":{"start":{"line":14,"column":10},"end":{"line":14,"column":11}},"loc":{"start":{"line":14,"column":16},"end":{"line":19,"column":6}},"line":14},"6":{"name":"(anonymous_6)","decl":{"start":{"line":20,"column":10},"end":{"line":20,"column":11}},"loc":{"start":{"line":20,"column":16},"end":{"line":27,"column":6}},"line":20},"7":{"name":"(anonymous_7)","decl":{"start":{"line":28,"column":10},"end":{"line":28,"column":11}},"loc":{"start":{"line":28,"column":16},"end":{"line":41,"column":6}},"line":28}},"branchMap":{},"s":{"0":2,"1":2,"2":2,"3":2,"4":2,"5":2,"6":2,"7":2,"8":2},"f":{"0":2,"1":2,"2":2,"3":2,"4":2,"5":2,"6":2,"7":2},"b":{},"_coverageSchema":"332fd63041d2c1bcb487cc26dd0d5f7d97098a6c","hash":"a925319307009b47466e1d3b97c38c2a9eece0a7"}
,"/home/marcoavfcc/seuBarriga/src/seeds/02_balance.js": {"path":"/home/marcoavfcc/seuBarriga/src/seeds/02_balance.js","statementMap":{"0":{"start":{"line":1,"column":15},"end":{"line":1,"column":32}},"1":{"start":{"line":3,"column":0},"end":{"line":75,"column":2}},"2":{"start":{"line":4,"column":2},"end":{"line":74,"column":8}},"3":{"start":{"line":15,"column":16},"end":{"line":22,"column":6}},"4":{"start":{"line":23,"column":16},"end":{"line":30,"column":6}},"5":{"start":{"line":31,"column":16},"end":{"line":74,"column":6}}},"fnMap":{"0":{"name":"(anonymous_0)","decl":{"start":{"line":3,"column":15},"end":{"line":3,"column":16}},"loc":{"start":{"line":3,"column":25},"end":{"line":75,"column":1}},"line":3},"1":{"name":"(anonymous_1)","decl":{"start":{"line":15,"column":10},"end":{"line":15,"column":11}},"loc":{"start":{"line":15,"column":16},"end":{"line":22,"column":6}},"line":15},"2":{"name":"(anonymous_2)","decl":{"start":{"line":23,"column":10},"end":{"line":23,"column":11}},"loc":{"start":{"line":23,"column":16},"end":{"line":30,"column":6}},"line":23},"3":{"name":"(anonymous_3)","decl":{"start":{"line":31,"column":10},"end":{"line":31,"column":11}},"loc":{"start":{"line":31,"column":16},"end":{"line":74,"column":6}},"line":31}},"branchMap":{},"s":{"0":2,"1":2,"2":2,"3":2,"4":2,"5":2},"f":{"0":2,"1":2,"2":2,"3":2},"b":{},"_coverageSchema":"332fd63041d2c1bcb487cc26dd0d5f7d97098a6c","hash":"878afd0dcb0718266b82523b2fc6b56b9b17c9f2"}
,"/home/marcoavfcc/seuBarriga/src/services/account.js": {"path":"/home/marcoavfcc/seuBarriga/src/services/account.js","statementMap":{"0":{"start":{"line":2,"column":24},"end":{"line":2,"column":60}},"1":{"start":{"line":4,"column":0},"end":{"line":41,"column":2}},"2":{"start":{"line":5,"column":18},"end":{"line":7,"column":3}},"3":{"start":{"line":6,"column":4},"end":{"line":6,"column":57}},"4":{"start":{"line":9,"column":15},"end":{"line":11,"column":3}},"5":{"start":{"line":10,"column":4},"end":{"line":10,"column":52}},"6":{"start":{"line":14,"column":15},"end":{"line":21,"column":3}},"7":{"start":{"line":15,"column":4},"end":{"line":15,"column":83}},"8":{"start":{"line":15,"column":23},"end":{"line":15,"column":83}},"9":{"start":{"line":17,"column":18},"end":{"line":17,"column":78}},"10":{"start":{"line":18,"column":4},"end":{"line":18,"column":79}},"11":{"start":{"line":18,"column":15},"end":{"line":18,"column":79}},"12":{"start":{"line":20,"column":4},"end":{"line":20,"column":51}},"13":{"start":{"line":23,"column":17},"end":{"line":27,"column":3}},"14":{"start":{"line":24,"column":4},"end":{"line":26,"column":28}},"15":{"start":{"line":29,"column":17},"end":{"line":36,"column":3}},"16":{"start":{"line":30,"column":24},"end":{"line":30,"column":78}},"17":{"start":{"line":31,"column":4},"end":{"line":31,"column":93}},"18":{"start":{"line":31,"column":21},"end":{"line":31,"column":93}},"19":{"start":{"line":33,"column":4},"end":{"line":35,"column":13}},"20":{"start":{"line":38,"column":2},"end":{"line":40,"column":4}}},"fnMap":{"0":{"name":"(anonymous_0)","decl":{"start":{"line":4,"column":17},"end":{"line":4,"column":18}},"loc":{"start":{"line":4,"column":26},"end":{"line":41,"column":1}},"line":4},"1":{"name":"(anonymous_1)","decl":{"start":{"line":5,"column":18},"end":{"line":5,"column":19}},"loc":{"start":{"line":5,"column":30},"end":{"line":7,"column":3}},"line":5},"2":{"name":"(anonymous_2)","decl":{"start":{"line":9,"column":15},"end":{"line":9,"column":16}},"loc":{"start":{"line":9,"column":32},"end":{"line":11,"column":3}},"line":9},"3":{"name":"(anonymous_3)","decl":{"start":{"line":14,"column":15},"end":{"line":14,"column":16}},"loc":{"start":{"line":14,"column":34},"end":{"line":21,"column":3}},"line":14},"4":{"name":"(anonymous_4)","decl":{"start":{"line":23,"column":17},"end":{"line":23,"column":18}},"loc":{"start":{"line":23,"column":34},"end":{"line":27,"column":3}},"line":23},"5":{"name":"(anonymous_5)","decl":{"start":{"line":29,"column":17},"end":{"line":29,"column":18}},"loc":{"start":{"line":29,"column":31},"end":{"line":36,"column":3}},"line":29}},"branchMap":{"0":{"loc":{"start":{"line":9,"column":16},"end":{"line":9,"column":27}},"type":"default-arg","locations":[{"start":{"line":9,"column":25},"end":{"line":9,"column":27}}],"line":9},"1":{"loc":{"start":{"line":15,"column":4},"end":{"line":15,"column":83}},"type":"if","locations":[{"start":{"line":15,"column":4},"end":{"line":15,"column":83}},{"start":{"line":15,"column":4},"end":{"line":15,"column":83}}],"line":15},"2":{"loc":{"start":{"line":18,"column":4},"end":{"line":18,"column":79}},"type":"if","locations":[{"start":{"line":18,"column":4},"end":{"line":18,"column":79}},{"start":{"line":18,"column":4},"end":{"line":18,"column":79}}],"line":18},"3":{"loc":{"start":{"line":31,"column":4},"end":{"line":31,"column":93}},"type":"if","locations":[{"start":{"line":31,"column":4},"end":{"line":31,"column":93}},{"start":{"line":31,"column":4},"end":{"line":31,"column":93}}],"line":31}},"s":{"0":7,"1":7,"2":7,"3":2,"4":7,"5":10,"6":7,"7":3,"8":1,"9":2,"10":2,"11":1,"12":1,"13":7,"14":1,"15":7,"16":2,"17":2,"18":1,"19":1,"20":7},"f":{"0":7,"1":2,"2":10,"3":3,"4":1,"5":2},"b":{"0":[0],"1":[1,2],"2":[1,1],"3":[1,1]},"_coverageSchema":"332fd63041d2c1bcb487cc26dd0d5f7d97098a6c","hash":"910e23ad82ef921bf03697444a109023e44125e9"}
,"/home/marcoavfcc/seuBarriga/src/services/balance.js": {"path":"/home/marcoavfcc/seuBarriga/src/services/balance.js","statementMap":{"0":{"start":{"line":1,"column":0},"end":{"line":13,"column":2}},"1":{"start":{"line":2,"column":19},"end":{"line":10,"column":3}},"2":{"start":{"line":3,"column":4},"end":{"line":9,"column":25}},"3":{"start":{"line":12,"column":2},"end":{"line":12,"column":22}}},"fnMap":{"0":{"name":"(anonymous_0)","decl":{"start":{"line":1,"column":17},"end":{"line":1,"column":18}},"loc":{"start":{"line":1,"column":26},"end":{"line":13,"column":1}},"line":1},"1":{"name":"(anonymous_1)","decl":{"start":{"line":2,"column":19},"end":{"line":2,"column":20}},"loc":{"start":{"line":2,"column":31},"end":{"line":10,"column":3}},"line":2}},"branchMap":{},"s":{"0":7,"1":7,"2":0,"3":7},"f":{"0":7,"1":0},"b":{},"_coverageSchema":"332fd63041d2c1bcb487cc26dd0d5f7d97098a6c","hash":"ee78d18afd452891f1fdd8c07f8e6ffd5c4ba803"}
,"/home/marcoavfcc/seuBarriga/src/services/transaction.js": {"path":"/home/marcoavfcc/seuBarriga/src/services/transaction.js","statementMap":{"0":{"start":{"line":1,"column":24},"end":{"line":1,"column":60}},"1":{"start":{"line":3,"column":0},"end":{"line":51,"column":2}},"2":{"start":{"line":4,"column":15},"end":{"line":10,"column":3}},"3":{"start":{"line":5,"column":4},"end":{"line":9,"column":16}},"4":{"start":{"line":12,"column":18},"end":{"line":16,"column":3}},"5":{"start":{"line":13,"column":4},"end":{"line":15,"column":15}},"6":{"start":{"line":18,"column":15},"end":{"line":34,"column":3}},"7":{"start":{"line":19,"column":4},"end":{"line":19,"column":99}},"8":{"start":{"line":19,"column":34},"end":{"line":19,"column":99}},"9":{"start":{"line":20,"column":4},"end":{"line":20,"column":91}},"10":{"start":{"line":20,"column":30},"end":{"line":20,"column":91}},"11":{"start":{"line":21,"column":4},"end":{"line":21,"column":87}},"12":{"start":{"line":21,"column":27},"end":{"line":21,"column":87}},"13":{"start":{"line":22,"column":4},"end":{"line":22,"column":90}},"14":{"start":{"line":22,"column":29},"end":{"line":22,"column":90}},"15":{"start":{"line":23,"column":4},"end":{"line":23,"column":87}},"16":{"start":{"line":23,"column":27},"end":{"line":23,"column":87}},"17":{"start":{"line":24,"column":4},"end":{"line":24,"column":108}},"18":{"start":{"line":24,"column":65},"end":{"line":24,"column":108}},"19":{"start":{"line":26,"column":27},"end":{"line":26,"column":45}},"20":{"start":{"line":27,"column":4},"end":{"line":30,"column":5}},"21":{"start":{"line":29,"column":6},"end":{"line":29,"column":35}},"22":{"start":{"line":32,"column":4},"end":{"line":33,"column":35}},"23":{"start":{"line":36,"column":17},"end":{"line":40,"column":3}},"24":{"start":{"line":37,"column":4},"end":{"line":39,"column":32}},"25":{"start":{"line":42,"column":17},"end":{"line":46,"column":3}},"26":{"start":{"line":43,"column":4},"end":{"line":45,"column":13}},"27":{"start":{"line":48,"column":2},"end":{"line":50,"column":4}}},"fnMap":{"0":{"name":"(anonymous_0)","decl":{"start":{"line":3,"column":17},"end":{"line":3,"column":18}},"loc":{"start":{"line":3,"column":26},"end":{"line":51,"column":1}},"line":3},"1":{"name":"(anonymous_1)","decl":{"start":{"line":4,"column":15},"end":{"line":4,"column":16}},"loc":{"start":{"line":4,"column":40},"end":{"line":10,"column":3}},"line":4},"2":{"name":"(anonymous_2)","decl":{"start":{"line":12,"column":18},"end":{"line":12,"column":19}},"loc":{"start":{"line":12,"column":30},"end":{"line":16,"column":3}},"line":12},"3":{"name":"(anonymous_3)","decl":{"start":{"line":18,"column":15},"end":{"line":18,"column":16}},"loc":{"start":{"line":18,"column":32},"end":{"line":34,"column":3}},"line":18},"4":{"name":"(anonymous_4)","decl":{"start":{"line":36,"column":17},"end":{"line":36,"column":18}},"loc":{"start":{"line":36,"column":38},"end":{"line":40,"column":3}},"line":36},"5":{"name":"(anonymous_5)","decl":{"start":{"line":42,"column":17},"end":{"line":42,"column":18}},"loc":{"start":{"line":42,"column":25},"end":{"line":46,"column":3}},"line":42}},"branchMap":{"0":{"loc":{"start":{"line":4,"column":24},"end":{"line":4,"column":35}},"type":"default-arg","locations":[{"start":{"line":4,"column":33},"end":{"line":4,"column":35}}],"line":4},"1":{"loc":{"start":{"line":19,"column":4},"end":{"line":19,"column":99}},"type":"if","locations":[{"start":{"line":19,"column":4},"end":{"line":19,"column":99}},{"start":{"line":19,"column":4},"end":{"line":19,"column":99}}],"line":19},"2":{"loc":{"start":{"line":20,"column":4},"end":{"line":20,"column":91}},"type":"if","locations":[{"start":{"line":20,"column":4},"end":{"line":20,"column":91}},{"start":{"line":20,"column":4},"end":{"line":20,"column":91}}],"line":20},"3":{"loc":{"start":{"line":21,"column":4},"end":{"line":21,"column":87}},"type":"if","locations":[{"start":{"line":21,"column":4},"end":{"line":21,"column":87}},{"start":{"line":21,"column":4},"end":{"line":21,"column":87}}],"line":21},"4":{"loc":{"start":{"line":22,"column":4},"end":{"line":22,"column":90}},"type":"if","locations":[{"start":{"line":22,"column":4},"end":{"line":22,"column":90}},{"start":{"line":22,"column":4},"end":{"line":22,"column":90}}],"line":22},"5":{"loc":{"start":{"line":23,"column":4},"end":{"line":23,"column":87}},"type":"if","locations":[{"start":{"line":23,"column":4},"end":{"line":23,"column":87}},{"start":{"line":23,"column":4},"end":{"line":23,"column":87}}],"line":23},"6":{"loc":{"start":{"line":24,"column":4},"end":{"line":24,"column":108}},"type":"if","locations":[{"start":{"line":24,"column":4},"end":{"line":24,"column":108}},{"start":{"line":24,"column":4},"end":{"line":24,"column":108}}],"line":24},"7":{"loc":{"start":{"line":24,"column":10},"end":{"line":24,"column":62}},"type":"binary-expr","locations":[{"start":{"line":24,"column":10},"end":{"line":24,"column":34}},{"start":{"line":24,"column":38},"end":{"line":24,"column":62}}],"line":24},"8":{"loc":{"start":{"line":27,"column":4},"end":{"line":30,"column":5}},"type":"if","locations":[{"start":{"line":27,"column":4},"end":{"line":30,"column":5}},{"start":{"line":27,"column":4},"end":{"line":30,"column":5}}],"line":27},"9":{"loc":{"start":{"line":27,"column":8},"end":{"line":28,"column":62}},"type":"binary-expr","locations":[{"start":{"line":27,"column":9},"end":{"line":27,"column":33}},{"start":{"line":27,"column":37},"end":{"line":27,"column":60}},{"start":{"line":28,"column":10},"end":{"line":28,"column":34}},{"start":{"line":28,"column":38},"end":{"line":28,"column":61}}],"line":27}},"s":{"0":7,"1":7,"2":7,"3":5,"4":7,"5":3,"6":7,"7":16,"8":1,"9":15,"10":1,"11":14,"12":1,"13":13,"14":1,"15":12,"16":1,"17":11,"18":1,"19":10,"20":10,"21":5,"22":10,"23":7,"24":1,"25":7,"26":1,"27":7},"f":{"0":7,"1":5,"2":3,"3":16,"4":1,"5":1},"b":{"0":[1],"1":[1,15],"2":[1,14],"3":[1,13],"4":[1,12],"5":[1,11],"6":[1,10],"7":[11,5],"8":[5,5],"9":[10,6,9,4]},"_coverageSchema":"332fd63041d2c1bcb487cc26dd0d5f7d97098a6c","hash":"ec53ea34ea6b47b34e8b9e4b78428fe7f6823677"}
,"/home/marcoavfcc/seuBarriga/src/services/transfer.js": {"path":"/home/marcoavfcc/seuBarriga/src/services/transfer.js","statementMap":{"0":{"start":{"line":1,"column":24},"end":{"line":1,"column":60}},"1":{"start":{"line":3,"column":0},"end":{"line":74,"column":2}},"2":{"start":{"line":4,"column":15},"end":{"line":8,"column":3}},"3":{"start":{"line":5,"column":4},"end":{"line":7,"column":16}},"4":{"start":{"line":10,"column":18},"end":{"line":14,"column":3}},"5":{"start":{"line":11,"column":4},"end":{"line":13,"column":15}},"6":{"start":{"line":16,"column":19},"end":{"line":28,"column":3}},"7":{"start":{"line":17,"column":4},"end":{"line":17,"column":97}},"8":{"start":{"line":17,"column":31},"end":{"line":17,"column":97}},"9":{"start":{"line":18,"column":4},"end":{"line":18,"column":88}},"10":{"start":{"line":18,"column":27},"end":{"line":18,"column":88}},"11":{"start":{"line":19,"column":4},"end":{"line":19,"column":84}},"12":{"start":{"line":19,"column":24},"end":{"line":19,"column":84}},"13":{"start":{"line":20,"column":4},"end":{"line":20,"column":101}},"14":{"start":{"line":20,"column":30},"end":{"line":20,"column":101}},"15":{"start":{"line":21,"column":4},"end":{"line":21,"column":103}},"16":{"start":{"line":21,"column":31},"end":{"line":21,"column":103}},"17":{"start":{"line":22,"column":4},"end":{"line":22,"column":137}},"18":{"start":{"line":22,"column":54},"end":{"line":22,"column":137}},"19":{"start":{"line":24,"column":21},"end":{"line":24,"column":104}},"20":{"start":{"line":25,"column":4},"end":{"line":27,"column":7}},"21":{"start":{"line":26,"column":6},"end":{"line":26,"column":128}},"22":{"start":{"line":26,"column":58},"end":{"line":26,"column":128}},"23":{"start":{"line":30,"column":15},"end":{"line":45,"column":3}},"24":{"start":{"line":31,"column":19},"end":{"line":31,"column":66}},"25":{"start":{"line":32,"column":23},"end":{"line":32,"column":35}},"26":{"start":{"line":34,"column":25},"end":{"line":41,"column":5}},"27":{"start":{"line":43,"column":4},"end":{"line":43,"column":54}},"28":{"start":{"line":44,"column":4},"end":{"line":44,"column":18}},"29":{"start":{"line":47,"column":17},"end":{"line":64,"column":3}},"30":{"start":{"line":48,"column":19},"end":{"line":50,"column":28}},"31":{"start":{"line":52,"column":25},"end":{"line":59,"column":5}},"32":{"start":{"line":61,"column":4},"end":{"line":61,"column":66}},"33":{"start":{"line":62,"column":4},"end":{"line":62,"column":54}},"34":{"start":{"line":63,"column":4},"end":{"line":63,"column":18}},"35":{"start":{"line":66,"column":17},"end":{"line":69,"column":3}},"36":{"start":{"line":67,"column":4},"end":{"line":67,"column":66}},"37":{"start":{"line":68,"column":4},"end":{"line":68,"column":51}},"38":{"start":{"line":71,"column":2},"end":{"line":73,"column":4}}},"fnMap":{"0":{"name":"(anonymous_0)","decl":{"start":{"line":3,"column":17},"end":{"line":3,"column":18}},"loc":{"start":{"line":3,"column":26},"end":{"line":74,"column":1}},"line":3},"1":{"name":"(anonymous_1)","decl":{"start":{"line":4,"column":15},"end":{"line":4,"column":16}},"loc":{"start":{"line":4,"column":32},"end":{"line":8,"column":3}},"line":4},"2":{"name":"(anonymous_2)","decl":{"start":{"line":10,"column":18},"end":{"line":10,"column":19}},"loc":{"start":{"line":10,"column":35},"end":{"line":14,"column":3}},"line":10},"3":{"name":"(anonymous_3)","decl":{"start":{"line":16,"column":19},"end":{"line":16,"column":20}},"loc":{"start":{"line":16,"column":39},"end":{"line":28,"column":3}},"line":16},"4":{"name":"(anonymous_4)","decl":{"start":{"line":25,"column":21},"end":{"line":25,"column":22}},"loc":{"start":{"line":25,"column":30},"end":{"line":27,"column":5}},"line":25},"5":{"name":"(anonymous_5)","decl":{"start":{"line":30,"column":15},"end":{"line":30,"column":16}},"loc":{"start":{"line":30,"column":35},"end":{"line":45,"column":3}},"line":30},"6":{"name":"(anonymous_6)","decl":{"start":{"line":47,"column":17},"end":{"line":47,"column":18}},"loc":{"start":{"line":47,"column":41},"end":{"line":64,"column":3}},"line":47},"7":{"name":"(anonymous_7)","decl":{"start":{"line":66,"column":17},"end":{"line":66,"column":18}},"loc":{"start":{"line":66,"column":31},"end":{"line":69,"column":3}},"line":66}},"branchMap":{"0":{"loc":{"start":{"line":4,"column":16},"end":{"line":4,"column":27}},"type":"default-arg","locations":[{"start":{"line":4,"column":25},"end":{"line":4,"column":27}}],"line":4},"1":{"loc":{"start":{"line":10,"column":19},"end":{"line":10,"column":30}},"type":"default-arg","locations":[{"start":{"line":10,"column":28},"end":{"line":10,"column":30}}],"line":10},"2":{"loc":{"start":{"line":17,"column":4},"end":{"line":17,"column":97}},"type":"if","locations":[{"start":{"line":17,"column":4},"end":{"line":17,"column":97}},{"start":{"line":17,"column":4},"end":{"line":17,"column":97}}],"line":17},"3":{"loc":{"start":{"line":18,"column":4},"end":{"line":18,"column":88}},"type":"if","locations":[{"start":{"line":18,"column":4},"end":{"line":18,"column":88}},{"start":{"line":18,"column":4},"end":{"line":18,"column":88}}],"line":18},"4":{"loc":{"start":{"line":19,"column":4},"end":{"line":19,"column":84}},"type":"if","locations":[{"start":{"line":19,"column":4},"end":{"line":19,"column":84}},{"start":{"line":19,"column":4},"end":{"line":19,"column":84}}],"line":19},"5":{"loc":{"start":{"line":20,"column":4},"end":{"line":20,"column":101}},"type":"if","locations":[{"start":{"line":20,"column":4},"end":{"line":20,"column":101}},{"start":{"line":20,"column":4},"end":{"line":20,"column":101}}],"line":20},"6":{"loc":{"start":{"line":21,"column":4},"end":{"line":21,"column":103}},"type":"if","locations":[{"start":{"line":21,"column":4},"end":{"line":21,"column":103}},{"start":{"line":21,"column":4},"end":{"line":21,"column":103}}],"line":21},"7":{"loc":{"start":{"line":22,"column":4},"end":{"line":22,"column":137}},"type":"if","locations":[{"start":{"line":22,"column":4},"end":{"line":22,"column":137}},{"start":{"line":22,"column":4},"end":{"line":22,"column":137}}],"line":22},"8":{"loc":{"start":{"line":26,"column":6},"end":{"line":26,"column":128}},"type":"if","locations":[{"start":{"line":26,"column":6},"end":{"line":26,"column":128}},{"start":{"line":26,"column":6},"end":{"line":26,"column":128}}],"line":26}},"s":{"0":7,"1":7,"2":7,"3":1,"4":7,"5":12,"6":7,"7":18,"8":2,"9":16,"10":2,"11":14,"12":2,"13":12,"14":2,"15":10,"16":2,"17":8,"18":2,"19":6,"20":6,"21":12,"22":2,"23":7,"24":3,"25":3,"26":3,"27":3,"28":3,"29":7,"30":1,"31":1,"32":1,"33":1,"34":1,"35":7,"36":1,"37":1,"38":7},"f":{"0":7,"1":1,"2":12,"3":18,"4":12,"5":3,"6":1,"7":1},"b":{"0":[0],"1":[0],"2":[2,16],"3":[2,14],"4":[2,12],"5":[2,10],"6":[2,8],"7":[2,6],"8":[2,10]},"_coverageSchema":"332fd63041d2c1bcb487cc26dd0d5f7d97098a6c","hash":"40b49501bb032f1fe7ae1bc4c582de28d7472f6f"}
,"/home/marcoavfcc/seuBarriga/src/services/user.js": {"path":"/home/marcoavfcc/seuBarriga/src/services/user.js","statementMap":{"0":{"start":{"line":3,"column":15},"end":{"line":3,"column":39}},"1":{"start":{"line":4,"column":24},"end":{"line":4,"column":60}},"2":{"start":{"line":6,"column":0},"end":{"line":35,"column":2}},"3":{"start":{"line":7,"column":18},"end":{"line":9,"column":3}},"4":{"start":{"line":8,"column":4},"end":{"line":8,"column":58}},"5":{"start":{"line":11,"column":18},"end":{"line":13,"column":3}},"6":{"start":{"line":12,"column":4},"end":{"line":12,"column":49}},"7":{"start":{"line":15,"column":24},"end":{"line":18,"column":3}},"8":{"start":{"line":16,"column":17},"end":{"line":16,"column":39}},"9":{"start":{"line":17,"column":4},"end":{"line":17,"column":41}},"10":{"start":{"line":20,"column":15},"end":{"line":31,"column":3}},"11":{"start":{"line":21,"column":4},"end":{"line":21,"column":81}},"12":{"start":{"line":21,"column":20},"end":{"line":21,"column":81}},"13":{"start":{"line":22,"column":4},"end":{"line":22,"column":82}},"14":{"start":{"line":22,"column":20},"end":{"line":22,"column":82}},"15":{"start":{"line":23,"column":4},"end":{"line":23,"column":84}},"16":{"start":{"line":23,"column":22},"end":{"line":23,"column":84}},"17":{"start":{"line":25,"column":19},"end":{"line":25,"column":53}},"18":{"start":{"line":26,"column":4},"end":{"line":26,"column":81}},"19":{"start":{"line":26,"column":16},"end":{"line":26,"column":81}},"20":{"start":{"line":28,"column":20},"end":{"line":28,"column":31}},"21":{"start":{"line":29,"column":4},"end":{"line":29,"column":48}},"22":{"start":{"line":30,"column":4},"end":{"line":30,"column":67}},"23":{"start":{"line":34,"column":2},"end":{"line":34,"column":36}}},"fnMap":{"0":{"name":"(anonymous_0)","decl":{"start":{"line":6,"column":17},"end":{"line":6,"column":18}},"loc":{"start":{"line":6,"column":26},"end":{"line":35,"column":1}},"line":6},"1":{"name":"(anonymous_1)","decl":{"start":{"line":7,"column":18},"end":{"line":7,"column":19}},"loc":{"start":{"line":7,"column":24},"end":{"line":9,"column":3}},"line":7},"2":{"name":"(anonymous_2)","decl":{"start":{"line":11,"column":18},"end":{"line":11,"column":19}},"loc":{"start":{"line":11,"column":35},"end":{"line":13,"column":3}},"line":11},"3":{"name":"(anonymous_3)","decl":{"start":{"line":15,"column":24},"end":{"line":15,"column":25}},"loc":{"start":{"line":15,"column":36},"end":{"line":18,"column":3}},"line":15},"4":{"name":"(anonymous_4)","decl":{"start":{"line":20,"column":15},"end":{"line":20,"column":16}},"loc":{"start":{"line":20,"column":31},"end":{"line":31,"column":3}},"line":20}},"branchMap":{"0":{"loc":{"start":{"line":11,"column":19},"end":{"line":11,"column":30}},"type":"default-arg","locations":[{"start":{"line":11,"column":28},"end":{"line":11,"column":30}}],"line":11},"1":{"loc":{"start":{"line":21,"column":4},"end":{"line":21,"column":81}},"type":"if","locations":[{"start":{"line":21,"column":4},"end":{"line":21,"column":81}},{"start":{"line":21,"column":4},"end":{"line":21,"column":81}}],"line":21},"2":{"loc":{"start":{"line":22,"column":4},"end":{"line":22,"column":82}},"type":"if","locations":[{"start":{"line":22,"column":4},"end":{"line":22,"column":82}},{"start":{"line":22,"column":4},"end":{"line":22,"column":82}}],"line":22},"3":{"loc":{"start":{"line":23,"column":4},"end":{"line":23,"column":84}},"type":"if","locations":[{"start":{"line":23,"column":4},"end":{"line":23,"column":84}},{"start":{"line":23,"column":4},"end":{"line":23,"column":84}}],"line":23},"4":{"loc":{"start":{"line":26,"column":4},"end":{"line":26,"column":81}},"type":"if","locations":[{"start":{"line":26,"column":4},"end":{"line":26,"column":81}},{"start":{"line":26,"column":4},"end":{"line":26,"column":81}}],"line":26}},"s":{"0":7,"1":7,"2":7,"3":7,"4":1,"5":7,"6":85,"7":7,"8":8,"9":8,"10":7,"11":12,"12":1,"13":11,"14":1,"15":10,"16":1,"17":9,"18":9,"19":1,"20":8,"21":8,"22":8,"23":7},"f":{"0":7,"1":1,"2":85,"3":8,"4":12},"b":{"0":[0],"1":[1,11],"2":[1,10],"3":[1,9],"4":[1,8]},"_coverageSchema":"332fd63041d2c1bcb487cc26dd0d5f7d97098a6c","hash":"0f7aa3a1548ec6b00e9d6f6aa017794bacb313b8"}
}
