TN:
SF:/home/marcoavfcc/seuBarriga/knexfile.js
FNF:0
FNH:0
DA:1,7
LF:1
LH:1
BRF:0
BRH:0
end_of_record
TN:
SF:/home/marcoavfcc/seuBarriga/src/app.js
FN:19,(anonymous_0)
FN:23,(anonymous_1)
FNF:2
FNH:2
FNDA:1,(anonymous_0)
FNDA:34,(anonymous_1)
DA:1,7
DA:2,7
DA:3,7
DA:5,7
DA:8,7
DA:11,7
DA:19,7
DA:20,1
DA:23,7
DA:24,34
DA:25,34
DA:26,34
DA:27,29
DA:28,5
DA:38,7
LF:15
LH:15
BRDA:25,0,0,29
BRDA:25,0,1,5
BRDA:26,1,0,5
BRDA:26,1,1,29
BRF:4
BRH:4
end_of_record
TN:
SF:/home/marcoavfcc/seuBarriga/src/config/middlewares.js
FN:4,(anonymous_0)
FNF:1
FNH:1
FNDA:7,(anonymous_0)
DA:1,7
DA:4,7
DA:5,7
LF:3
LH:3
BRF:0
BRH:0
end_of_record
TN:
SF:/home/marcoavfcc/seuBarriga/src/config/passport.js
FN:8,(anonymous_0)
FN:14,(anonymous_1)
FN:16,(anonymous_2)
FN:19,(anonymous_3)
FN:24,(anonymous_4)
FNF:5
FNH:4
FNDA:7,(anonymous_0)
FNDA:72,(anonymous_1)
FNDA:72,(anonymous_2)
FNDA:0,(anonymous_3)
FNDA:7,(anonymous_4)
DA:1,7
DA:2,7
DA:4,7
DA:6,7
DA:8,7
DA:9,7
DA:14,7
DA:15,72
DA:17,72
DA:18,0
DA:19,0
DA:22,7
DA:24,7
LF:13
LH:11
BRDA:17,0,0,72
BRDA:17,0,1,0
BRF:2
BRH:1
end_of_record
TN:
SF:/home/marcoavfcc/seuBarriga/src/config/router.js
FN:4,(anonymous_0)
FNF:1
FNH:1
FNDA:7,(anonymous_0)
DA:1,7
DA:4,7
DA:5,7
DA:6,7
DA:8,7
DA:9,7
DA:10,7
DA:11,7
DA:13,7
LF:9
LH:9
BRF:0
BRH:0
end_of_record
TN:
SF:/home/marcoavfcc/seuBarriga/src/errors/RecursoIndevidoError.js
FN:1,RecursoIndevidoError
FNF:1
FNH:1
FNDA:5,RecursoIndevidoError
DA:1,7
DA:2,5
DA:3,5
LF:3
LH:3
BRDA:1,0,0,5
BRF:1
BRH:1
end_of_record
TN:
SF:/home/marcoavfcc/seuBarriga/src/errors/validationError.js
FN:1,ValidationError
FNF:1
FNH:1
FNDA:29,ValidationError
DA:1,7
DA:2,29
DA:3,29
LF:3
LH:3
BRF:0
BRH:0
end_of_record
TN:
SF:/home/marcoavfcc/seuBarriga/src/routes/accounts.js
FN:4,(anonymous_0)
FN:7,(anonymous_1)
FN:9,(anonymous_2)
FN:12,(anonymous_3)
FN:15,(anonymous_4)
FN:17,(anonymous_5)
FN:19,(anonymous_6)
FN:22,(anonymous_7)
FN:24,(anonymous_8)
FN:25,(anonymous_9)
FN:28,(anonymous_10)
FN:30,(anonymous_11)
FN:31,(anonymous_12)
FN:34,(anonymous_13)
FN:36,(anonymous_14)
FN:37,(anonymous_15)
FN:40,(anonymous_16)
FN:42,(anonymous_17)
FN:43,(anonymous_18)
FNF:19
FNH:16
FNDA:7,(anonymous_0)
FNDA:7,(anonymous_1)
FNDA:7,(anonymous_2)
FNDA:3,(anonymous_3)
FNDA:3,(anonymous_4)
FNDA:1,(anonymous_5)
FNDA:2,(anonymous_6)
FNDA:2,(anonymous_7)
FNDA:2,(anonymous_8)
FNDA:0,(anonymous_9)
FNDA:1,(anonymous_10)
FNDA:1,(anonymous_11)
FNDA:0,(anonymous_12)
FNDA:1,(anonymous_13)
FNDA:1,(anonymous_14)
FNDA:0,(anonymous_15)
FNDA:2,(anonymous_16)
FNDA:1,(anonymous_17)
FNDA:1,(anonymous_18)
DA:1,7
DA:2,7
DA:4,7
DA:5,7
DA:7,7
DA:8,7
DA:10,7
DA:11,4
DA:12,3
DA:15,7
DA:16,3
DA:18,1
DA:19,2
DA:22,7
DA:23,2
DA:24,2
DA:25,0
DA:28,7
DA:29,1
DA:30,1
DA:31,0
DA:34,7
DA:35,1
DA:36,1
DA:37,0
DA:40,7
DA:41,2
DA:42,1
DA:43,1
DA:46,7
LF:30
LH:27
BRDA:10,0,0,3
BRDA:10,0,1,4
BRF:2
BRH:2
end_of_record
TN:
SF:/home/marcoavfcc/seuBarriga/src/routes/auth.js
FN:8,(anonymous_0)
FN:12,(anonymous_1)
FN:14,(anonymous_2)
FN:25,(anonymous_3)
FN:28,(anonymous_4)
FNF:5
FNH:5
FNDA:7,(anonymous_0)
FNDA:3,(anonymous_1)
FNDA:3,(anonymous_2)
FNDA:2,(anonymous_3)
FNDA:1,(anonymous_4)
DA:1,7
DA:2,7
DA:3,7
DA:4,7
DA:6,7
DA:8,7
DA:9,7
DA:12,7
DA:13,3
DA:15,3
DA:16,2
DA:17,1
DA:22,1
DA:23,1
DA:24,1
DA:25,2
DA:28,7
DA:29,1
DA:30,1
DA:31,1
DA:33,0
DA:37,7
LF:22
LH:21
BRDA:15,0,0,1
BRDA:15,0,1,2
BRDA:16,1,0,1
BRDA:16,1,1,1
BRF:4
BRH:4
end_of_record
TN:
SF:/home/marcoavfcc/seuBarriga/src/routes/balance.js
FN:3,(anonymous_0)
FN:6,(anonymous_1)
FN:8,(anonymous_2)
FN:9,(anonymous_3)
FNF:4
FNH:1
FNDA:7,(anonymous_0)
FNDA:0,(anonymous_1)
FNDA:0,(anonymous_2)
FNDA:0,(anonymous_3)
DA:1,7
DA:3,7
DA:4,7
DA:6,7
DA:7,0
DA:8,0
DA:9,0
DA:12,7
LF:8
LH:5
BRF:0
BRH:0
end_of_record
TN:
SF:/home/marcoavfcc/seuBarriga/src/routes/transactions.js
FN:4,(anonymous_0)
FN:8,(anonymous_1)
FN:10,(anonymous_2)
FN:13,(anonymous_3)
FN:16,(anonymous_4)
FN:18,(anonymous_5)
FN:19,(anonymous_6)
FN:22,(anonymous_7)
FN:24,(anonymous_8)
FN:25,(anonymous_9)
FN:28,(anonymous_10)
FN:30,(anonymous_11)
FN:31,(anonymous_12)
FN:34,(anonymous_13)
FN:36,(anonymous_14)
FN:37,(anonymous_15)
FN:40,(anonymous_16)
FN:42,(anonymous_17)
FN:43,(anonymous_18)
FNF:19
FNH:14
FNDA:7,(anonymous_0)
FNDA:4,(anonymous_1)
FNDA:4,(anonymous_2)
FNDA:1,(anonymous_3)
FNDA:1,(anonymous_4)
FNDA:1,(anonymous_5)
FNDA:0,(anonymous_6)
FNDA:16,(anonymous_7)
FNDA:10,(anonymous_8)
FNDA:0,(anonymous_9)
FNDA:1,(anonymous_10)
FNDA:1,(anonymous_11)
FNDA:0,(anonymous_12)
FNDA:1,(anonymous_13)
FNDA:1,(anonymous_14)
FNDA:0,(anonymous_15)
FNDA:1,(anonymous_16)
FNDA:1,(anonymous_17)
FNDA:0,(anonymous_18)
DA:1,7
DA:2,7
DA:4,7
DA:5,7
DA:8,7
DA:9,4
DA:11,4
DA:12,1
DA:13,1
DA:16,7
DA:17,1
DA:18,1
DA:19,0
DA:22,7
DA:23,16
DA:24,10
DA:25,0
DA:28,7
DA:29,1
DA:30,1
DA:31,0
DA:34,7
DA:35,1
DA:36,1
DA:37,0
DA:40,7
DA:41,1
DA:42,1
DA:43,0
DA:46,7
LF:30
LH:25
BRDA:11,0,0,3
BRDA:11,0,1,1
BRF:2
BRH:2
end_of_record
TN:
SF:/home/marcoavfcc/seuBarriga/src/routes/transfers.js
FN:4,(anonymous_0)
FN:7,(anonymous_1)
FN:9,(anonymous_2)
FN:12,(anonymous_3)
FN:15,(anonymous_4)
FN:17,(anonymous_5)
FN:18,(anonymous_6)
FN:21,(anonymous_7)
FN:23,(anonymous_8)
FN:24,(anonymous_9)
FN:27,(anonymous_10)
FN:30,(anonymous_11)
FN:31,(anonymous_12)
FN:34,(anonymous_13)
FN:36,(anonymous_14)
FN:37,(anonymous_15)
FN:40,(anonymous_16)
FN:42,(anonymous_17)
FN:43,(anonymous_18)
FN:46,(anonymous_19)
FN:48,(anonymous_20)
FN:49,(anonymous_21)
FNF:22
FNH:17
FNDA:7,(anonymous_0)
FNDA:11,(anonymous_1)
FNDA:11,(anonymous_2)
FNDA:1,(anonymous_3)
FNDA:18,(anonymous_4)
FNDA:4,(anonymous_5)
FNDA:14,(anonymous_6)
FNDA:1,(anonymous_7)
FNDA:1,(anonymous_8)
FNDA:0,(anonymous_9)
FNDA:3,(anonymous_10)
FNDA:3,(anonymous_11)
FNDA:0,(anonymous_12)
FNDA:1,(anonymous_13)
FNDA:1,(anonymous_14)
FNDA:0,(anonymous_15)
FNDA:1,(anonymous_16)
FNDA:1,(anonymous_17)
FNDA:0,(anonymous_18)
FNDA:1,(anonymous_19)
FNDA:1,(anonymous_20)
FNDA:0,(anonymous_21)
DA:1,7
DA:2,7
DA:4,7
DA:5,7
DA:7,7
DA:8,11
DA:10,11
DA:11,10
DA:12,1
DA:15,7
DA:16,18
DA:17,4
DA:18,14
DA:21,7
DA:22,1
DA:23,1
DA:24,0
DA:27,7
DA:28,3
DA:29,3
DA:30,3
DA:31,0
DA:34,7
DA:35,1
DA:36,1
DA:37,0
DA:40,7
DA:41,1
DA:42,1
DA:43,0
DA:46,7
DA:47,1
DA:48,1
DA:49,0
DA:52,7
LF:35
LH:30
BRDA:10,0,0,1
BRDA:10,0,1,10
BRF:2
BRH:2
end_of_record
TN:
SF:/home/marcoavfcc/seuBarriga/src/routes/users.js
FN:3,(anonymous_0)
FN:6,(anonymous_1)
FN:8,(anonymous_2)
FN:9,(anonymous_3)
FN:12,(anonymous_4)
FNF:5
FNH:4
FNDA:7,(anonymous_0)
FNDA:1,(anonymous_1)
FNDA:1,(anonymous_2)
FNDA:0,(anonymous_3)
FNDA:6,(anonymous_4)
DA:1,7
DA:3,7
DA:4,7
DA:6,7
DA:7,1
DA:8,1
DA:9,0
DA:12,7
DA:13,6
DA:14,6
DA:15,2
DA:17,4
DA:22,7
LF:13
LH:12
BRF:0
BRH:0
end_of_record
TN:
SF:/home/marcoavfcc/seuBarriga/src/seeds/01_transfer.js
FN:1,(anonymous_0)
FN:3,(anonymous_1)
FN:4,(anonymous_2)
FN:5,(anonymous_3)
FN:6,(anonymous_4)
FN:14,(anonymous_5)
FN:20,(anonymous_6)
FN:28,(anonymous_7)
FNF:8
FNH:8
FNDA:2,(anonymous_0)
FNDA:2,(anonymous_1)
FNDA:2,(anonymous_2)
FNDA:2,(anonymous_3)
FNDA:2,(anonymous_4)
FNDA:2,(anonymous_5)
FNDA:2,(anonymous_6)
FNDA:2,(anonymous_7)
DA:1,2
DA:2,2
DA:3,2
DA:4,2
DA:5,2
DA:6,2
DA:14,2
DA:20,2
DA:28,2
LF:9
LH:9
BRF:0
BRH:0
end_of_record
TN:
SF:/home/marcoavfcc/seuBarriga/src/seeds/02_balance.js
FN:3,(anonymous_0)
FN:15,(anonymous_1)
FN:23,(anonymous_2)
FN:31,(anonymous_3)
FNF:4
FNH:4
FNDA:2,(anonymous_0)
FNDA:2,(anonymous_1)
FNDA:2,(anonymous_2)
FNDA:2,(anonymous_3)
DA:1,2
DA:3,2
DA:4,2
DA:15,2
DA:23,2
DA:31,2
LF:6
LH:6
BRF:0
BRH:0
end_of_record
TN:
SF:/home/marcoavfcc/seuBarriga/src/services/account.js
FN:4,(anonymous_0)
FN:5,(anonymous_1)
FN:9,(anonymous_2)
FN:14,(anonymous_3)
FN:23,(anonymous_4)
FN:29,(anonymous_5)
FNF:6
FNH:6
FNDA:7,(anonymous_0)
FNDA:2,(anonymous_1)
FNDA:10,(anonymous_2)
FNDA:3,(anonymous_3)
FNDA:1,(anonymous_4)
FNDA:2,(anonymous_5)
DA:2,7
DA:4,7
DA:5,7
DA:6,2
DA:9,7
DA:10,10
DA:14,7
DA:15,3
DA:17,2
DA:18,2
DA:20,1
DA:23,7
DA:24,1
DA:29,7
DA:30,2
DA:31,2
DA:33,1
DA:38,7
LF:18
LH:18
BRDA:9,0,0,0
BRDA:15,1,0,1
BRDA:15,1,1,2
BRDA:18,2,0,1
BRDA:18,2,1,1
BRDA:31,3,0,1
BRDA:31,3,1,1
BRF:7
BRH:6
end_of_record
TN:
SF:/home/marcoavfcc/seuBarriga/src/services/balance.js
FN:1,(anonymous_0)
FN:2,(anonymous_1)
FNF:2
FNH:1
FNDA:7,(anonymous_0)
FNDA:0,(anonymous_1)
DA:1,7
DA:2,7
DA:3,0
DA:12,7
LF:4
LH:3
BRF:0
BRH:0
end_of_record
TN:
SF:/home/marcoavfcc/seuBarriga/src/services/transaction.js
FN:3,(anonymous_0)
FN:4,(anonymous_1)
FN:12,(anonymous_2)
FN:18,(anonymous_3)
FN:36,(anonymous_4)
FN:42,(anonymous_5)
FNF:6
FNH:6
FNDA:7,(anonymous_0)
FNDA:5,(anonymous_1)
FNDA:3,(anonymous_2)
FNDA:16,(anonymous_3)
FNDA:1,(anonymous_4)
FNDA:1,(anonymous_5)
DA:1,7
DA:3,7
DA:4,7
DA:5,5
DA:12,7
DA:13,3
DA:18,7
DA:19,16
DA:20,15
DA:21,14
DA:22,13
DA:23,12
DA:24,11
DA:26,10
DA:27,10
DA:29,5
DA:32,10
DA:36,7
DA:37,1
DA:42,7
DA:43,1
DA:48,7
LF:22
LH:22
BRDA:4,0,0,1
BRDA:19,1,0,1
BRDA:19,1,1,15
BRDA:20,2,0,1
BRDA:20,2,1,14
BRDA:21,3,0,1
BRDA:21,3,1,13
BRDA:22,4,0,1
BRDA:22,4,1,12
BRDA:23,5,0,1
BRDA:23,5,1,11
BRDA:24,6,0,1
BRDA:24,6,1,10
BRDA:24,7,0,11
BRDA:24,7,1,5
BRDA:27,8,0,5
BRDA:27,8,1,5
BRDA:27,9,0,10
BRDA:27,9,1,6
BRDA:27,9,2,9
BRDA:27,9,3,4
BRF:21
BRH:21
end_of_record
TN:
SF:/home/marcoavfcc/seuBarriga/src/services/transfer.js
FN:3,(anonymous_0)
FN:4,(anonymous_1)
FN:10,(anonymous_2)
FN:16,(anonymous_3)
FN:25,(anonymous_4)
FN:30,(anonymous_5)
FN:47,(anonymous_6)
FN:66,(anonymous_7)
FNF:8
FNH:8
FNDA:7,(anonymous_0)
FNDA:1,(anonymous_1)
FNDA:12,(anonymous_2)
FNDA:18,(anonymous_3)
FNDA:12,(anonymous_4)
FNDA:3,(anonymous_5)
FNDA:1,(anonymous_6)
FNDA:1,(anonymous_7)
DA:1,7
DA:3,7
DA:4,7
DA:5,1
DA:10,7
DA:11,12
DA:16,7
DA:17,18
DA:18,16
DA:19,14
DA:20,12
DA:21,10
DA:22,8
DA:24,6
DA:25,6
DA:26,12
DA:30,7
DA:31,3
DA:32,3
DA:34,3
DA:43,3
DA:44,3
DA:47,7
DA:48,1
DA:52,1
DA:61,1
DA:62,1
DA:63,1
DA:66,7
DA:67,1
DA:68,1
DA:71,7
LF:32
LH:32
BRDA:4,0,0,0
BRDA:10,1,0,0
BRDA:17,2,0,2
BRDA:17,2,1,16
BRDA:18,3,0,2
BRDA:18,3,1,14
BRDA:19,4,0,2
BRDA:19,4,1,12
BRDA:20,5,0,2
BRDA:20,5,1,10
BRDA:21,6,0,2
BRDA:21,6,1,8
BRDA:22,7,0,2
BRDA:22,7,1,6
BRDA:26,8,0,2
BRDA:26,8,1,10
BRF:16
BRH:14
end_of_record
TN:
SF:/home/marcoavfcc/seuBarriga/src/services/user.js
FN:6,(anonymous_0)
FN:7,(anonymous_1)
FN:11,(anonymous_2)
FN:15,(anonymous_3)
FN:20,(anonymous_4)
FNF:5
FNH:5
FNDA:7,(anonymous_0)
FNDA:1,(anonymous_1)
FNDA:85,(anonymous_2)
FNDA:8,(anonymous_3)
FNDA:12,(anonymous_4)
DA:3,7
DA:4,7
DA:6,7
DA:7,7
DA:8,1
DA:11,7
DA:12,85
DA:15,7
DA:16,8
DA:17,8
DA:20,7
DA:21,12
DA:22,11
DA:23,10
DA:25,9
DA:26,9
DA:28,8
DA:29,8
DA:30,8
DA:34,7
LF:20
LH:20
BRDA:11,0,0,0
BRDA:21,1,0,1
BRDA:21,1,1,11
BRDA:22,2,0,1
BRDA:22,2,1,10
BRDA:23,3,0,1
BRDA:23,3,1,9
BRDA:26,4,0,1
BRDA:26,4,1,8
BRF:9
BRH:8
end_of_record
